{"meta": {"format": 3, "version": "7.13.5", "timestamp": "2026-03-19T08:56:49.620560", "branch_coverage": false, "show_contexts": false}, "files": {"app/__init__.py": {"executed_lines": [], "summary": {"covered_lines": 0, "num_statements": 0, "percent_covered": 100.0, "percent_covered_display": "100", "missing_lines": 0, "excluded_lines": 0, "percent_statements_covered": 100.0, "percent_statements_covered_display": "100"}, "missing_lines": [], "excluded_lines": [], "functions": {"": {"executed_lines": [], "summary": {"covered_lines": 0, "num_statements": 0, "percent_covered": 100.0, "percent_covered_display": "100", "missing_lines": 0, "excluded_lines": 0, "percent_statements_covered": 100.0, "percent_statements_covered_display": "100"}, "missing_lines": [], "excluded_lines": [], "start_line": 1}}, "classes": {"": {"executed_lines": [], "summary": {"covered_lines": 0, "num_statements": 0, "percent_covered": 100.0, "percent_covered_display": "100", "missing_lines": 0, "excluded_lines": 0, "percent_statements_covered": 100.0, "percent_statements_covered_display": "100"}, "missing_lines": [], "excluded_lines": [], "start_line": 1}}}, "app/api/__init__.py": {"executed_lines": [], "summary": {"covered_lines": 0, "num_statements": 0, "percent_covered": 100.0, "percent_covered_display": "100", "missing_lines": 0, "excluded_lines": 0, "percent_statements_covered": 100.0, "percent_statements_covered_display": "100"}, "missing_lines": [], "excluded_lines": [], "functions": {"": {"executed_lines": [], "summary": {"covered_lines": 0, "num_statements": 0, "percent_covered": 100.0, "percent_covered_display": "100", "missing_lines": 0, "excluded_lines": 0, "percent_statements_covered": 100.0, "percent_statements_covered_display": "100"}, "missing_lines": [], "excluded_lines": [], "start_line": 1}}, "classes": {"": {"executed_lines": [], "summary": {"covered_lines": 0, "num_statements": 0, "percent_covered": 100.0, "percent_covered_display": "100", "missing_lines": 0, "excluded_lines": 0, "percent_statements_covered": 100.0, "percent_statements_covered_display": "100"}, "missing_lines": [], "excluded_lines": [], "start_line": 1}}}, "app/api/v1/__init__.py": {"executed_lines": [], "summary": {"covered_lines": 0, "num_statements": 0, "percent_covered": 100.0, "percent_covered_display": "100", "missing_lines": 0, "excluded_lines": 0, "percent_statements_covered": 100.0, "percent_statements_covered_display": "100"}, "missing_lines": [], "excluded_lines": [], "functions": {"": {"executed_lines": [], "summary": {"covered_lines": 0, "num_statements": 0, "percent_covered": 100.0, "percent_covered_display": "100", "missing_lines": 0, "excluded_lines": 0, "percent_statements_covered": 100.0, "percent_statements_covered_display": "100"}, "missing_lines": [], "excluded_lines": [], "start_line": 1}}, "classes": {"": {"executed_lines": [], "summary": {"covered_lines": 0, "num_statements": 0, "percent_covered": 100.0, "percent_covered_display": "100", "missing_lines": 0, "excluded_lines": 0, "percent_statements_covered": 100.0, "percent_statements_covered_display": "100"}, "missing_lines": [], "excluded_lines": [], "start_line": 1}}}, "app/api/v1/endpoints/__init__.py": {"executed_lines": [], "summary": {"covered_lines": 0, "num_statements": 0, "percent_covered": 100.0, "percent_covered_display": "100", "missing_lines": 0, "excluded_lines": 0, "percent_statements_covered": 100.0, "percent_statements_covered_display": "100"}, "missing_lines": [], "excluded_lines": [], "functions": {"": {"executed_lines": [], "summary": {"covered_lines": 0, "num_statements": 0, "percent_covered": 100.0, "percent_covered_display": "100", "missing_lines": 0, "excluded_lines": 0, "percent_statements_covered": 100.0, "percent_statements_covered_display": "100"}, "missing_lines": [], "excluded_lines": [], "start_line": 1}}, "classes": {"": {"executed_lines": [], "summary": {"covered_lines": 0, "num_statements": 0, "percent_covered": 100.0, "percent_covered_display": "100", "missing_lines": 0, "excluded_lines": 0, "percent_statements_covered": 100.0, "percent_statements_covered_display": "100"}, "missing_lines": [], "excluded_lines": [], "start_line": 1}}}, "app/api/v1/endpoints/admin.py": {"executed_lines": [10, 11, 13, 14, 16, 17, 18, 19, 21, 23, 26, 31, 52, 53, 55, 60, 61, 62], "summary": {"covered_lines": 18, "num_statements": 18, "percent_covered": 100.0, "percent_covered_display": "100", "missing_lines": 0, "excluded_lines": 0, "percent_statements_covered": 100.0, "percent_statements_covered_display": "100"}, "missing_lines": [], "excluded_lines": [], "functions": {"sweep_stale_analyses_endpoint": {"executed_lines": [52, 53, 55, 60, 61, 62], "summary": {"covered_lines": 6, "num_statements": 6, "percent_covered": 100.0, "percent_covered_display": "100", "missing_lines": 0, "excluded_lines": 0, "percent_statements_covered": 100.0, "percent_statements_covered_display": "100"}, "missing_lines": [], "excluded_lines": [], "start_line": 31}, "": {"executed_lines": [10, 11, 13, 14, 16, 17, 18, 19, 21, 23, 26, 31], "summary": {"covered_lines": 12, "num_statements": 12, "percent_covered": 100.0, "percent_covered_display": "100", "missing_lines": 0, "excluded_lines": 0, "percent_statements_covered": 100.0, "percent_statements_covered_display": "100"}, "missing_lines": [], "excluded_lines": [], "start_line": 1}}, "classes": {"": {"executed_lines": [10, 11, 13, 14, 16, 17, 18, 19, 21, 23, 26, 31, 52, 53, 55, 60, 61, 62], "summary": {"covered_lines": 18, "num_statements": 18, "percent_covered": 100.0, "percent_covered_display": "100", "missing_lines": 0, "excluded_lines": 0, "percent_statements_covered": 100.0, "percent_statements_covered_display": "100"}, "missing_lines": [], "excluded_lines": [], "start_line": 1}}}, "app/api/v1/endpoints/analysis.py": {"executed_lines": [20, 21, 23, 24, 26, 27, 28, 29, 30, 31, 32, 41, 43, 46, 52, 69, 70, 72, 73, 78, 85, 86, 92, 93, 102, 105, 106, 107, 108, 120, 129, 134, 146, 147, 149, 150, 156, 163, 165, 174, 179, 190, 192, 197, 199, 218, 223, 234, 235, 237, 238, 243], "summary": {"covered_lines": 52, "num_statements": 55, "percent_covered": 94.54545454545455, "percent_covered_display": "95", "missing_lines": 3, "excluded_lines": 0, "percent_statements_covered": 94.54545454545455, "percent_statements_covered_display": "95"}, "missing_lines": [79, 109, 113], "excluded_lines": [], "functions": {"submit_analysis": {"executed_lines": [69, 70, 72, 73, 78, 85, 86, 92, 93, 102, 105, 106, 107, 108, 120], "summary": {"covered_lines": 15, "num_statements": 18, "percent_covered": 83.33333333333333, "percent_covered_display": "83", "missing_lines": 3, "excluded_lines": 0, "percent_statements_covered": 83.33333333333333, "percent_statements_covered_display": "83"}, "missing_lines": [79, 109, 113], "excluded_lines": [], "start_line": 52}, "get_analysis_status": {"executed_lines": [146, 147, 149, 150, 156, 163, 165], "summary": {"covered_lines": 7, "num_statements": 7, "percent_covered": 100.0, "percent_covered_display": "100", "missing_lines": 0, "excluded_lines": 0, "percent_statements_covered": 100.0, "percent_statements_covered_display": "100"}, "missing_lines": [], "excluded_lines": [], "start_line": 134}, "list_analyses": {"executed_lines": [190, 192, 197, 199], "summary": {"covered_lines": 4, "num_statements": 4, "percent_covered": 100.0, "percent_covered_display": "100", "missing_lines": 0, "excluded_lines": 0, "percent_statements_covered": 100.0, "percent_statements_covered_display": "100"}, "missing_lines": [], "excluded_lines": [], "start_line": 179}, "get_analysis": {"executed_lines": [234, 235, 237, 238, 243], "summary": {"covered_lines": 5, "num_statements": 5, "percent_covered": 100.0, "percent_covered_display": "100", "missing_lines": 0, "excluded_lines": 0, "percent_statements_covered": 100.0, "percent_statements_covered_display": "100"}, "missing_lines": [], "excluded_lines": [], "start_line": 223}, "": {"executed_lines": [20, 21, 23, 24, 26, 27, 28, 29, 30, 31, 32, 41, 43, 46, 52, 129, 134, 174, 179, 218, 223], "summary": {"covered_lines": 21, "num_statements": 21, "percent_covered": 100.0, "percent_covered_display": "100", "missing_lines": 0, "excluded_lines": 0, "percent_statements_covered": 100.0, "percent_statements_covered_display": "100"}, "missing_lines": [], "excluded_lines": [], "start_line": 1}}, "classes": {"": {"executed_lines": [20, 21, 23, 24, 26, 27, 28, 29, 30, 31, 32, 41, 43, 46, 52, 69, 70, 72, 73, 78, 85, 86, 92, 93, 102, 105, 106, 107, 108, 120, 129, 134, 146, 147, 149, 150, 156, 163, 165, 174, 179, 190, 192, 197, 199, 218, 223, 234, 235, 237, 238, 243], "summary": {"covered_lines": 52, "num_statements": 55, "percent_covered": 94.54545454545455, "percent_covered_display": "95", "missing_lines": 3, "excluded_lines": 0, "percent_statements_covered": 94.54545454545455, "percent_statements_covered_display": "95"}, "missing_lines": [79, 109, 113], "excluded_lines": [], "start_line": 1}}}, "app/api/v1/endpoints/auth.py": {"executed_lines": [19, 21, 22, 23, 25, 27, 28, 29, 30, 31, 32, 40, 42, 45, 46, 49, 51, 52, 53, 64, 66, 67, 68, 78, 80, 83, 85, 89, 91, 92, 93, 96, 98, 99, 102, 104, 109, 118, 128, 136, 144, 156, 163, 165, 174, 182, 199, 201, 203, 204, 206, 207, 209, 210, 215, 222, 224, 230, 235, 249, 252, 259, 266, 268, 271, 276, 284], "summary": {"covered_lines": 67, "num_statements": 73, "percent_covered": 91.78082191780823, "percent_covered_display": "92", "missing_lines": 6, "excluded_lines": 0, "percent_statements_covered": 91.78082191780823, "percent_statements_covered_display": "92"}, "missing_lines": [205, 253, 254, 255, 256, 257], "excluded_lines": [], "functions": {"_set_refresh_cookie": {"executed_lines": [51, 52, 53], "summary": {"covered_lines": 3, "num_statements": 3, "percent_covered": 100.0, "percent_covered_display": "100", "missing_lines": 0, "excluded_lines": 0, "percent_statements_covered": 100.0, "percent_statements_covered_display": "100"}, "missing_lines": [], "excluded_lines": [], "start_line": 49}, "_clear_refresh_cookie": {"executed_lines": [66, 67, 68], "summary": {"covered_lines": 3, "num_statements": 3, "percent_covered": 100.0, "percent_covered_display": "100", "missing_lines": 0, "excluded_lines": 0, "percent_statements_covered": 100.0, "percent_statements_covered_display": "100"}, "missing_lines": [], "excluded_lines": [], "start_line": 64}, "register": {"executed_lines": [128], "summary": {"covered_lines": 1, "num_statements": 1, "percent_covered": 100.0, "percent_covered_display": "100", "missing_lines": 0, "excluded_lines": 0, "percent_statements_covered": 100.0, "percent_statements_covered_display": "100"}, "missing_lines": [], "excluded_lines": [], "start_line": 118}, "login": {"executed_lines": [156, 163, 165], "summary": {"covered_lines": 3, "num_statements": 3, "percent_covered": 100.0, "percent_covered_display": "100", "missing_lines": 0, "excluded_lines": 0, "percent_statements_covered": 100.0, "percent_statements_covered_display": "100"}, "missing_lines": [], "excluded_lines": [], "start_line": 144}, "refresh": {"executed_lines": [199, 201, 203, 204, 206, 207, 209, 210, 215, 222, 224], "summary": {"covered_lines": 11, "num_statements": 12, "percent_covered": 91.66666666666667, "percent_covered_display": "92", "missing_lines": 1, "excluded_lines": 0, "percent_statements_covered": 91.66666666666667, "percent_statements_covered_display": "92"}, "missing_lines": [205], "excluded_lines": [], "start_line": 182}, "logout": {"executed_lines": [249, 252, 259, 266, 268], "summary": {"covered_lines": 5, "num_statements": 10, "percent_covered": 50.0, "percent_covered_display": "50", "missing_lines": 5, "excluded_lines": 0, "percent_statements_covered": 50.0, "percent_statements_covered_display": "50"}, "missing_lines": [253, 254, 255, 256, 257], "excluded_lines": [], "start_line": 235}, "get_me": {"executed_lines": [284], "summary": {"covered_lines": 1, "num_statements": 1, "percent_covered": 100.0, "percent_covered_display": "100", "missing_lines": 0, "excluded_lines": 0, "percent_statements_covered": 100.0, "percent_statements_covered_display": "100"}, "missing_lines": [], "excluded_lines": [], "start_line": 276}, "": {"executed_lines": [19, 21, 22, 23, 25, 27, 28, 29, 30, 31, 32, 40, 42, 45, 46, 49, 64, 78, 80, 83, 85, 89, 91, 92, 93, 96, 98, 99, 102, 104, 109, 118, 136, 144, 174, 182, 230, 235, 271, 276], "summary": {"covered_lines": 40, "num_statements": 40, "percent_covered": 100.0, "percent_covered_display": "100", "missing_lines": 0, "excluded_lines": 0, "percent_statements_covered": 100.0, "percent_statements_covered_display": "100"}, "missing_lines": [], "excluded_lines": [], "start_line": 1}}, "classes": {"RefreshRequest": {"executed_lines": [], "summary": {"covered_lines": 0, "num_statements": 0, "percent_covered": 100.0, "percent_covered_display": "100", "missing_lines": 0, "excluded_lines": 0, "percent_statements_covered": 100.0, "percent_statements_covered_display": "100"}, "missing_lines": [], "excluded_lines": [], "start_line": 78}, "LogoutRequest": {"executed_lines": [], "summary": {"covered_lines": 0, "num_statements": 0, "percent_covered": 100.0, "percent_covered_display": "100", "missing_lines": 0, "excluded_lines": 0, "percent_statements_covered": 100.0, "percent_statements_covered_display": "100"}, "missing_lines": [], "excluded_lines": [], "start_line": 83}, "AccessTokenResponse": {"executed_lines": [], "summary": {"covered_lines": 0, "num_statements": 0, "percent_covered": 100.0, "percent_covered_display": "100", "missing_lines": 0, "excluded_lines": 0, "percent_statements_covered": 100.0, "percent_statements_covered_display": "100"}, "missing_lines": [], "excluded_lines": [], "start_line": 89}, "LoginResponse": {"executed_lines": [], "summary": {"covered_lines": 0, "num_statements": 0, "percent_covered": 100.0, "percent_covered_display": "100", "missing_lines": 0, "excluded_lines": 0, "percent_statements_covered": 100.0, "percent_statements_covered_display": "100"}, "missing_lines": [], "excluded_lines": [], "start_line": 96}, "MessageResponse": {"executed_lines": [], "summary": {"covered_lines": 0, "num_statements": 0, "percent_covered": 100.0, "percent_covered_display": "100", "missing_lines": 0, "excluded_lines": 0, "percent_statements_covered": 100.0, "percent_statements_covered_display": "100"}, "missing_lines": [], "excluded_lines": [], "start_line": 102}, "": {"executed_lines": [19, 21, 22, 23, 25, 27, 28, 29, 30, 31, 32, 40, 42, 45, 46, 49, 51, 52, 53, 64, 66, 67, 68, 78, 80, 83, 85, 89, 91, 92, 93, 96, 98, 99, 102, 104, 109, 118, 128, 136, 144, 156, 163, 165, 174, 182, 199, 201, 203, 204, 206, 207, 209, 210, 215, 222, 224, 230, 235, 249, 252, 259, 266, 268, 271, 276, 284], "summary": {"covered_lines": 67, "num_statements": 73, "percent_covered": 91.78082191780823, "percent_covered_display": "92", "missing_lines": 6, "excluded_lines": 0, "percent_statements_covered": 91.78082191780823, "percent_statements_covered_display": "92"}, "missing_lines": [205, 253, 254, 255, 256, 257], "excluded_lines": [], "start_line": 1}}}, "app/api/v1/endpoints/insights.py": {"executed_lines": [20, 21, 23, 24, 25, 26, 28, 29, 30, 31, 32, 33, 34, 35, 36, 38, 40, 46, 52, 53, 55, 56, 61, 67, 73, 79, 92, 95, 98, 99, 108, 109, 110, 112, 113, 114, 115, 117, 125, 127, 135, 140, 146, 148, 151, 153, 160, 171, 176, 189, 240, 251, 262], "summary": {"covered_lines": 53, "num_statements": 83, "percent_covered": 63.855421686746986, "percent_covered_display": "64", "missing_lines": 30, "excluded_lines": 0, "percent_statements_covered": 63.855421686746986, "percent_statements_covered_display": "64"}, "missing_lines": [62, 100, 154, 192, 193, 194, 195, 200, 201, 202, 204, 205, 206, 207, 209, 218, 219, 220, 222, 265, 281, 284, 285, 286, 287, 292, 294, 300, 301, 303], "excluded_lines": [], "functions": {"_get_completed_analysis": {"executed_lines": [52, 53, 55, 56, 61, 67], "summary": {"covered_lines": 6, "num_statements": 7, "percent_covered": 85.71428571428571, "percent_covered_display": "86", "missing_lines": 1, "excluded_lines": 0, "percent_statements_covered": 85.71428571428571, "percent_statements_covered_display": "86"}, "missing_lines": [62], "excluded_lines": [], "start_line": 46}, "generate_roadmap_endpoint": {"executed_lines": [92, 95, 98, 99, 108, 109, 110, 112, 113, 114, 115, 117, 125, 127], "summary": {"covered_lines": 14, "num_statements": 15, "percent_covered": 93.33333333333333, "percent_covered_display": "93", "missing_lines": 1, "excluded_lines": 0, "percent_statements_covered": 93.33333333333333, "percent_statements_covered_display": "93"}, "missing_lines": [100], "excluded_lines": [], "start_line": 79}, "get_roadmap_endpoint": {"executed_lines": [146, 148, 151, 153, 160], "summary": {"covered_lines": 5, "num_statements": 6, "percent_covered": 83.33333333333333, "percent_covered_display": "83", "missing_lines": 1, "excluded_lines": 0, "percent_statements_covered": 83.33333333333333, "percent_statements_covered_display": "83"}, "missing_lines": [154], "excluded_lines": [], "start_line": 140}, "generate_advisor_endpoint": {"executed_lines": [189], "summary": {"covered_lines": 1, "num_statements": 17, "percent_covered": 5.882352941176471, "percent_covered_display": "6", "missing_lines": 16, "excluded_lines": 0, "percent_statements_covered": 5.882352941176471, "percent_statements_covered_display": "6"}, "missing_lines": [192, 193, 194, 195, 200, 201, 202, 204, 205, 206, 207, 209, 218, 219, 220, 222], "excluded_lines": [], "start_line": 176}, "export_pdf_endpoint": {"executed_lines": [262], "summary": {"covered_lines": 1, "num_statements": 12, "percent_covered": 8.333333333333334, "percent_covered_display": "8", "missing_lines": 11, "excluded_lines": 0, "percent_statements_covered": 8.333333333333334, "percent_statements_covered_display": "8"}, "missing_lines": [265, 281, 284, 285, 286, 287, 292, 294, 300, 301, 303], "excluded_lines": [], "start_line": 251}, "": {"executed_lines": [20, 21, 23, 24, 25, 26, 28, 29, 30, 31, 32, 33, 34, 35, 36, 38, 40, 46, 73, 79, 135, 140, 171, 176, 240, 251], "summary": {"covered_lines": 26, "num_statements": 26, "percent_covered": 100.0, "percent_covered_display": "100", "missing_lines": 0, "excluded_lines": 0, "percent_statements_covered": 100.0, "percent_statements_covered_display": "100"}, "missing_lines": [], "excluded_lines": [], "start_line": 1}}, "classes": {"": {"executed_lines": [20, 21, 23, 24, 25, 26, 28, 29, 30, 31, 32, 33, 34, 35, 36, 38, 40, 46, 52, 53, 55, 56, 61, 67, 73, 79, 92, 95, 98, 99, 108, 109, 110, 112, 113, 114, 115, 117, 125, 127, 135, 140, 146, 148, 151, 153, 160, 171, 176, 189, 240, 251, 262], "summary": {"covered_lines": 53, "num_statements": 83, "percent_covered": 63.855421686746986, "percent_covered_display": "64", "missing_lines": 30, "excluded_lines": 0, "percent_statements_covered": 63.855421686746986, "percent_statements_covered_display": "64"}, "missing_lines": [62, 100, 154, 192, 193, 194, 195, 200, 201, 202, 204, 205, 206, 207, 209, 218, 219, 220, 222, 265, 281, 284, 285, 286, 287, 292, 294, 300, 301, 303], "excluded_lines": [], "start_line": 1}}}, "app/api/v1/endpoints/resume.py": {"executed_lines": [17, 18, 20, 21, 23, 24, 25, 26, 27, 28, 29, 30, 31, 33, 36, 39, 50, 65, 68, 69, 72, 79, 86, 87, 97, 100, 108, 114, 115, 117, 118, 125, 126, 127, 128, 132, 141, 146, 160, 161, 166], "summary": {"covered_lines": 41, "num_statements": 43, "percent_covered": 95.34883720930233, "percent_covered_display": "95", "missing_lines": 2, "excluded_lines": 0, "percent_statements_covered": 95.34883720930233, "percent_statements_covered_display": "95"}, "missing_lines": [129, 130], "excluded_lines": [], "functions": {"upload_resume": {"executed_lines": [65, 68, 69, 72, 79, 86, 87, 97], "summary": {"covered_lines": 8, "num_statements": 8, "percent_covered": 100.0, "percent_covered_display": "100", "missing_lines": 0, "excluded_lines": 0, "percent_statements_covered": 100.0, "percent_statements_covered_display": "100"}, "missing_lines": [], "excluded_lines": [], "start_line": 50}, "get_resume": {"executed_lines": [114, 115, 117, 118, 125, 126, 127, 128, 132], "summary": {"covered_lines": 9, "num_statements": 11, "percent_covered": 81.81818181818181, "percent_covered_display": "82", "missing_lines": 2, "excluded_lines": 0, "percent_statements_covered": 81.81818181818181, "percent_statements_covered_display": "82"}, "missing_lines": [129, 130], "excluded_lines": [], "start_line": 108}, "list_resumes": {"executed_lines": [160, 161, 166], "summary": {"covered_lines": 3, "num_statements": 3, "percent_covered": 100.0, "percent_covered_display": "100", "missing_lines": 0, "excluded_lines": 0, "percent_statements_covered": 100.0, "percent_statements_covered_display": "100"}, "missing_lines": [], "excluded_lines": [], "start_line": 146}, "": {"executed_lines": [17, 18, 20, 21, 23, 24, 25, 26, 27, 28, 29, 30, 31, 33, 36, 39, 50, 100, 108, 141, 146], "summary": {"covered_lines": 21, "num_statements": 21, "percent_covered": 100.0, "percent_covered_display": "100", "missing_lines": 0, "excluded_lines": 0, "percent_statements_covered": 100.0, "percent_statements_covered_display": "100"}, "missing_lines": [], "excluded_lines": [], "start_line": 1}}, "classes": {"": {"executed_lines": [17, 18, 20, 21, 23, 24, 25, 26, 27, 28, 29, 30, 31, 33, 36, 39, 50, 65, 68, 69, 72, 79, 86, 87, 97, 100, 108, 114, 115, 117, 118, 125, 126, 127, 128, 132, 141, 146, 160, 161, 166], "summary": {"covered_lines": 41, "num_statements": 43, "percent_covered": 95.34883720930233, "percent_covered_display": "95", "missing_lines": 2, "excluded_lines": 0, "percent_statements_covered": 95.34883720930233, "percent_statements_covered_display": "95"}, "missing_lines": [129, 130], "excluded_lines": [], "start_line": 1}}}, "app/api/v1/router.py": {"executed_lines": [8, 10, 12, 15, 16, 17, 18, 19], "summary": {"covered_lines": 8, "num_statements": 8, "percent_covered": 100.0, "percent_covered_display": "100", "missing_lines": 0, "excluded_lines": 0, "percent_statements_covered": 100.0, "percent_statements_covered_display": "100"}, "missing_lines": [], "excluded_lines": [], "functions": {"": {"executed_lines": [8, 10, 12, 15, 16, 17, 18, 19], "summary": {"covered_lines": 8, "num_statements": 8, "percent_covered": 100.0, "percent_covered_display": "100", "missing_lines": 0, "excluded_lines": 0, "percent_statements_covered": 100.0, "percent_statements_covered_display": "100"}, "missing_lines": [], "excluded_lines": [], "start_line": 1}}, "classes": {"": {"executed_lines": [8, 10, 12, 15, 16, 17, 18, 19], "summary": {"covered_lines": 8, "num_statements": 8, "percent_covered": 100.0, "percent_covered_display": "100", "missing_lines": 0, "excluded_lines": 0, "percent_statements_covered": 100.0, "percent_statements_covered_display": "100"}, "missing_lines": [], "excluded_lines": [], "start_line": 1}}}, "app/core/__init__.py": {"executed_lines": [], "summary": {"covered_lines": 0, "num_statements": 0, "percent_covered": 100.0, "percent_covered_display": "100", "missing_lines": 0, "excluded_lines": 0, "percent_statements_covered": 100.0, "percent_statements_covered_display": "100"}, "missing_lines": [], "excluded_lines": [], "functions": {"": {"executed_lines": [], "summary": {"covered_lines": 0, "num_statements": 0, "percent_covered": 100.0, "percent_covered_display": "100", "missing_lines": 0, "excluded_lines": 0, "percent_statements_covered": 100.0, "percent_statements_covered_display": "100"}, "missing_lines": [], "excluded_lines": [], "start_line": 1}}, "classes": {"": {"executed_lines": [], "summary": {"covered_lines": 0, "num_statements": 0, "percent_covered": 100.0, "percent_covered_display": "100", "missing_lines": 0, "excluded_lines": 0, "percent_statements_covered": 100.0, "percent_statements_covered_display": "100"}, "missing_lines": [], "excluded_lines": [], "start_line": 1}}}, "app/core/config.py": {"executed_lines": [8, 9, 11, 14, 18, 19, 20, 21, 24, 25, 26, 27, 28, 31, 32, 33, 34, 35, 37, 38, 44, 45, 46, 52, 53, 54, 56, 57, 58, 60, 63, 64, 65, 66, 67, 68, 69, 72, 73, 74, 75, 78, 79, 82, 83, 86, 87, 88, 90, 98, 101, 102, 104, 107, 116, 120, 126], "summary": {"covered_lines": 57, "num_statements": 63, "percent_covered": 90.47619047619048, "percent_covered_display": "90", "missing_lines": 6, "excluded_lines": 0, "percent_statements_covered": 90.47619047619048, "percent_statements_covered_display": "90"}, "missing_lines": [39, 59, 108, 109, 110, 111], "excluded_lines": [], "functions": {"Settings.database_url": {"executed_lines": [], "summary": {"covered_lines": 0, "num_statements": 1, "percent_covered": 0.0, "percent_covered_display": "0", "missing_lines": 1, "excluded_lines": 0, "percent_statements_covered": 0.0, "percent_statements_covered_display": "0"}, "missing_lines": [39], "excluded_lines": [], "start_line": 38}, "Settings.async_database_url": {"executed_lines": [46], "summary": {"covered_lines": 1, "num_statements": 1, "percent_covered": 100.0, "percent_covered_display": "100", "missing_lines": 0, "excluded_lines": 0, "percent_statements_covered": 100.0, "percent_statements_covered_display": "100"}, "missing_lines": [], "excluded_lines": [], "start_line": 45}, "Settings.redis_url": {"executed_lines": [58, 60], "summary": {"covered_lines": 2, "num_statements": 3, "percent_covered": 66.66666666666667, "percent_covered_display": "67", "missing_lines": 1, "excluded_lines": 0, "percent_statements_covered": 66.66666666666667, "percent_statements_covered_display": "67"}, "missing_lines": [59], "excluded_lines": [], "start_line": 57}, "get_settings": {"executed_lines": [104, 107, 116, 120, 126], "summary": {"covered_lines": 5, "num_statements": 9, "percent_covered": 55.55555555555556, "percent_covered_display": "56", "missing_lines": 4, "excluded_lines": 0, "percent_statements_covered": 55.55555555555556, "percent_statements_covered_display": "56"}, "missing_lines": [108, 109, 110, 111], "excluded_lines": [], "start_line": 102}, "": {"executed_lines": [8, 9, 11, 14, 18, 19, 20, 21, 24, 25, 26, 27, 28, 31, 32, 33, 34, 35, 37, 38, 44, 45, 52, 53, 54, 56, 57, 63, 64, 65, 66, 67, 68, 69, 72, 73, 74, 75, 78, 79, 82, 83, 86, 87, 88, 90, 98, 101, 102], "summary": {"covered_lines": 49, "num_statements": 49, "percent_covered": 100.0, "percent_covered_display": "100", "missing_lines": 0, "excluded_lines": 0, "percent_statements_covered": 100.0, "percent_statements_covered_display": "100"}, "missing_lines": [], "excluded_lines": [], "start_line": 1}}, "classes": {"Settings": {"executed_lines": [46, 58, 60], "summary": {"covered_lines": 3, "num_statements": 5, "percent_covered": 60.0, "percent_covered_display": "60", "missing_lines": 2, "excluded_lines": 0, "percent_statements_covered": 60.0, "percent_statements_covered_display": "60"}, "missing_lines": [39, 59], "excluded_lines": [], "start_line": 14}, "": {"executed_lines": [8, 9, 11, 14, 18, 19, 20, 21, 24, 25, 26, 27, 28, 31, 32, 33, 34, 35, 37, 38, 44, 45, 52, 53, 54, 56, 57, 63, 64, 65, 66, 67, 68, 69, 72, 73, 74, 75, 78, 79, 82, 83, 86, 87, 88, 90, 98, 101, 102, 104, 107, 116, 120, 126], "summary": {"covered_lines": 54, "num_statements": 58, "percent_covered": 93.10344827586206, "percent_covered_display": "93", "missing_lines": 4, "excluded_lines": 0, "percent_statements_covered": 93.10344827586206, "percent_statements_covered_display": "93"}, "missing_lines": [108, 109, 110, 111], "excluded_lines": [], "start_line": 1}}}, "app/core/dependencies.py": {"executed_lines": [19, 20, 21, 23, 24, 25, 26, 28, 29, 30, 31, 32, 33, 35, 40, 45, 48, 58, 59, 60, 61, 69, 70, 71, 72, 77, 78, 80, 81, 82, 89, 115, 116, 121, 124, 126, 127, 133, 134, 135, 136, 137, 141, 142, 148, 149, 150, 152, 153, 158, 159, 163, 169], "summary": {"covered_lines": 53, "num_statements": 58, "percent_covered": 91.37931034482759, "percent_covered_display": "91", "missing_lines": 5, "excluded_lines": 1, "percent_statements_covered": 91.37931034482759, "percent_statements_covered_display": "91"}, "missing_lines": [83, 85, 86, 143, 145], "excluded_lines": [94], "functions": {"get_redis": {"executed_lines": [58, 59, 60, 61, 69, 70, 71, 72, 77, 78, 80, 81, 82], "summary": {"covered_lines": 13, "num_statements": 16, "percent_covered": 81.25, "percent_covered_display": "81", "missing_lines": 3, "excluded_lines": 0, "percent_statements_covered": 81.25, "percent_statements_covered_display": "81"}, "missing_lines": [83, 85, 86], "excluded_lines": [], "start_line": 48}, "get_current_user": {"executed_lines": [115, 116, 121, 124, 126, 127, 133, 134, 135, 136, 137, 141, 142, 148, 149, 150, 152, 153, 158, 159, 163], "summary": {"covered_lines": 21, "num_statements": 23, "percent_covered": 91.30434782608695, "percent_covered_display": "91", "missing_lines": 2, "excluded_lines": 1, "percent_statements_covered": 91.30434782608695, "percent_statements_covered_display": "91"}, "missing_lines": [143, 145], "excluded_lines": [94], "start_line": 89}, "": {"executed_lines": [19, 20, 21, 23, 24, 25, 26, 28, 29, 30, 31, 32, 33, 35, 40, 45, 48, 89, 169], "summary": {"covered_lines": 19, "num_statements": 19, "percent_covered": 100.0, "percent_covered_display": "100", "missing_lines": 0, "excluded_lines": 0, "percent_statements_covered": 100.0, "percent_statements_covered_display": "100"}, "missing_lines": [], "excluded_lines": [], "start_line": 1}}, "classes": {"": {"executed_lines": [19, 20, 21, 23, 24, 25, 26, 28, 29, 30, 31, 32, 33, 35, 40, 45, 48, 58, 59, 60, 61, 69, 70, 71, 72, 77, 78, 80, 81, 82, 89, 115, 116, 121, 124, 126, 127, 133, 134, 135, 136, 137, 141, 142, 148, 149, 150, 152, 153, 158, 159, 163, 169], "summary": {"covered_lines": 53, "num_statements": 58, "percent_covered": 91.37931034482759, "percent_covered_display": "91", "missing_lines": 5, "excluded_lines": 1, "percent_statements_covered": 91.37931034482759, "percent_statements_covered_display": "91"}, "missing_lines": [83, 85, 86, 143, 145], "excluded_lines": [94], "start_line": 1}}}, "app/core/error_handlers.py": {"executed_lines": [17, 18, 20, 21, 22, 23, 25, 33, 36, 45, 48, 56, 57, 65, 71, 74, 75, 83, 84, 91, 99, 100, 111, 114, 115, 116, 117, 119, 127, 135, 136, 162, 163, 189, 190], "summary": {"covered_lines": 35, "num_statements": 44, "percent_covered": 79.54545454545455, "percent_covered_display": "80", "missing_lines": 9, "excluded_lines": 0, "percent_statements_covered": 79.54545454545455, "percent_statements_covered_display": "80"}, "missing_lines": [147, 148, 155, 173, 174, 182, 202, 203, 211], "excluded_lines": [], "functions": {"_get_request_id": {"executed_lines": [45], "summary": {"covered_lines": 1, "num_statements": 1, "percent_covered": 100.0, "percent_covered_display": "100", "missing_lines": 0, "excluded_lines": 0, "percent_statements_covered": 100.0, "percent_statements_covered_display": "100"}, "missing_lines": [], "excluded_lines": [], "start_line": 36}, "_build_error_response": {"executed_lines": [56, 57, 65], "summary": {"covered_lines": 3, "num_statements": 3, "percent_covered": 100.0, "percent_covered_display": "100", "missing_lines": 0, "excluded_lines": 0, "percent_statements_covered": 100.0, "percent_statements_covered_display": "100"}, "missing_lines": [], "excluded_lines": [], "start_line": 48}, "register_error_handlers": {"executed_lines": [74, 75, 99, 100, 135, 136, 162, 163, 189, 190], "summary": {"covered_lines": 10, "num_statements": 10, "percent_covered": 100.0, "percent_covered_display": "100", "missing_lines": 0, "excluded_lines": 0, "percent_statements_covered": 100.0, "percent_statements_covered_display": "100"}, "missing_lines": [], "excluded_lines": [], "start_line": 71}, "register_error_handlers.app_error_handler": {"executed_lines": [83, 84, 91], "summary": {"covered_lines": 3, "num_statements": 3, "percent_covered": 100.0, "percent_covered_display": "100", "missing_lines": 0, "excluded_lines": 0, "percent_statements_covered": 100.0, "percent_statements_covered_display": "100"}, "missing_lines": [], "excluded_lines": [], "start_line": 75}, "register_error_handlers.validation_error_handler": {"executed_lines": [111, 114, 115, 116, 117, 119, 127], "summary": {"covered_lines": 7, "num_statements": 7, "percent_covered": 100.0, "percent_covered_display": "100", "missing_lines": 0, "excluded_lines": 0, "percent_statements_covered": 100.0, "percent_statements_covered_display": "100"}, "missing_lines": [], "excluded_lines": [], "start_line": 100}, "register_error_handlers.integrity_error_handler": {"executed_lines": [], "summary": {"covered_lines": 0, "num_statements": 3, "percent_covered": 0.0, "percent_covered_display": "0", "missing_lines": 3, "excluded_lines": 0, "percent_statements_covered": 0.0, "percent_statements_covered_display": "0"}, "missing_lines": [147, 148, 155], "excluded_lines": [], "start_line": 136}, "register_error_handlers.sqlalchemy_error_handler": {"executed_lines": [], "summary": {"covered_lines": 0, "num_statements": 3, "percent_covered": 0.0, "percent_covered_display": "0", "missing_lines": 3, "excluded_lines": 0, "percent_statements_covered": 0.0, "percent_statements_covered_display": "0"}, "missing_lines": [173, 174, 182], "excluded_lines": [], "start_line": 163}, "register_error_handlers.unhandled_error_handler": {"executed_lines": [], "summary": {"covered_lines": 0, "num_statements": 3, "percent_covered": 0.0, "percent_covered_display": "0", "missing_lines": 3, "excluded_lines": 0, "percent_statements_covered": 0.0, "percent_statements_covered_display": "0"}, "missing_lines": [202, 203, 211], "excluded_lines": [], "start_line": 190}, "": {"executed_lines": [17, 18, 20, 21, 22, 23, 25, 33, 36, 48, 71], "summary": {"covered_lines": 11, "num_statements": 11, "percent_covered": 100.0, "percent_covered_display": "100", "missing_lines": 0, "excluded_lines": 0, "percent_statements_covered": 100.0, "percent_statements_covered_display": "100"}, "missing_lines": [], "excluded_lines": [], "start_line": 1}}, "classes": {"": {"executed_lines": [17, 18, 20, 21, 22, 23, 25, 33, 36, 45, 48, 56, 57, 65, 71, 74, 75, 83, 84, 91, 99, 100, 111, 114, 115, 116, 117, 119, 127, 135, 136, 162, 163, 189, 190], "summary": {"covered_lines": 35, "num_statements": 44, "percent_covered": 79.54545454545455, "percent_covered_display": "80", "missing_lines": 9, "excluded_lines": 0, "percent_statements_covered": 79.54545454545455, "percent_statements_covered_display": "80"}, "missing_lines": [147, 148, 155, 173, 174, 182, 202, 203, 211], "excluded_lines": [], "start_line": 1}}}, "app/core/exceptions.py": {"executed_lines": [21, 22, 24, 31, 33, 34, 35, 36, 39, 40, 41, 44, 45, 46, 47, 48, 51, 52, 55, 56, 59, 60, 66, 68, 69, 70, 73, 75, 76, 85, 93, 100, 101, 102, 103, 104, 107, 110, 116, 117, 118, 119, 120, 121, 129, 132, 137, 145, 148, 154, 162, 165, 166, 173, 176, 182, 190, 193, 194, 201, 204, 209, 210, 211, 212, 220, 223, 228, 235, 238, 239], "summary": {"covered_lines": 71, "num_statements": 71, "percent_covered": 100.0, "percent_covered_display": "100", "missing_lines": 0, "excluded_lines": 0, "percent_statements_covered": 100.0, "percent_statements_covered_display": "100"}, "missing_lines": [], "excluded_lines": [], "functions": {"AppError.__init__": {"executed_lines": [100, 101, 102, 103, 104], "summary": {"covered_lines": 5, "num_statements": 5, "percent_covered": 100.0, "percent_covered_display": "100", "missing_lines": 0, "excluded_lines": 0, "percent_statements_covered": 100.0, "percent_statements_covered_display": "100"}, "missing_lines": [], "excluded_lines": [], "start_line": 93}, "NotFoundError.__init__": {"executed_lines": [116, 117, 118, 119, 120, 121], "summary": {"covered_lines": 6, "num_statements": 6, "percent_covered": 100.0, "percent_covered_display": "100", "missing_lines": 0, "excluded_lines": 0, "percent_statements_covered": 100.0, "percent_statements_covered_display": "100"}, "missing_lines": [], "excluded_lines": [], "start_line": 110}, "ValidationError.__init__": {"executed_lines": [137], "summary": {"covered_lines": 1, "num_statements": 1, "percent_covered": 100.0, "percent_covered_display": "100", "missing_lines": 0, "excluded_lines": 0, "percent_statements_covered": 100.0, "percent_statements_covered_display": "100"}, "missing_lines": [], "excluded_lines": [], "start_line": 132}, "FileUploadError.__init__": {"executed_lines": [154], "summary": {"covered_lines": 1, "num_statements": 1, "percent_covered": 100.0, "percent_covered_display": "100", "missing_lines": 0, "excluded_lines": 0, "percent_statements_covered": 100.0, "percent_statements_covered_display": "100"}, "missing_lines": [], "excluded_lines": [], "start_line": 148}, "StorageError.__init__": {"executed_lines": [166], "summary": {"covered_lines": 1, "num_statements": 1, "percent_covered": 100.0, "percent_covered_display": "100", "missing_lines": 0, "excluded_lines": 0, "percent_statements_covered": 100.0, "percent_statements_covered_display": "100"}, "missing_lines": [], "excluded_lines": [], "start_line": 165}, "ParsingError.__init__": {"executed_lines": [182], "summary": {"covered_lines": 1, "num_statements": 1, "percent_covered": 100.0, "percent_covered_display": "100", "missing_lines": 0, "excluded_lines": 0, "percent_statements_covered": 100.0, "percent_statements_covered_display": "100"}, "missing_lines": [], "excluded_lines": [], "start_line": 176}, "DatabaseError.__init__": {"executed_lines": [194], "summary": {"covered_lines": 1, "num_statements": 1, "percent_covered": 100.0, "percent_covered_display": "100", "missing_lines": 0, "excluded_lines": 0, "percent_statements_covered": 100.0, "percent_statements_covered_display": "100"}, "missing_lines": [], "excluded_lines": [], "start_line": 193}, "RateLimitError.__init__": {"executed_lines": [209, 210, 211, 212], "summary": {"covered_lines": 4, "num_statements": 4, "percent_covered": 100.0, "percent_covered_display": "100", "missing_lines": 0, "excluded_lines": 0, "percent_statements_covered": 100.0, "percent_statements_covered_display": "100"}, "missing_lines": [], "excluded_lines": [], "start_line": 204}, "AuthenticationError.__init__": {"executed_lines": [228], "summary": {"covered_lines": 1, "num_statements": 1, "percent_covered": 100.0, "percent_covered_display": "100", "missing_lines": 0, "excluded_lines": 0, "percent_statements_covered": 100.0, "percent_statements_covered_display": "100"}, "missing_lines": [], "excluded_lines": [], "start_line": 223}, "AuthorizationError.__init__": {"executed_lines": [239], "summary": {"covered_lines": 1, "num_statements": 1, "percent_covered": 100.0, "percent_covered_display": "100", "missing_lines": 0, "excluded_lines": 0, "percent_statements_covered": 100.0, "percent_statements_covered_display": "100"}, "missing_lines": [], "excluded_lines": [], "start_line": 238}, "": {"executed_lines": [21, 22, 24, 31, 33, 34, 35, 36, 39, 40, 41, 44, 45, 46, 47, 48, 51, 52, 55, 56, 59, 60, 66, 68, 69, 70, 73, 75, 76, 85, 93, 107, 110, 129, 132, 145, 148, 162, 165, 173, 176, 190, 193, 201, 204, 220, 223, 235, 238], "summary": {"covered_lines": 49, "num_statements": 49, "percent_covered": 100.0, "percent_covered_display": "100", "missing_lines": 0, "excluded_lines": 0, "percent_statements_covered": 100.0, "percent_statements_covered_display": "100"}, "missing_lines": [], "excluded_lines": [], "start_line": 1}}, "classes": {"ErrorCode": {"executed_lines": [], "summary": {"covered_lines": 0, "num_statements": 0, "percent_covered": 100.0, "percent_covered_display": "100", "missing_lines": 0, "excluded_lines": 0, "percent_statements_covered": 100.0, "percent_statements_covered_display": "100"}, "missing_lines": [], "excluded_lines": [], "start_line": 31}, "ErrorDetail": {"executed_lines": [], "summary": {"covered_lines": 0, "num_statements": 0, "percent_covered": 100.0, "percent_covered_display": "100", "missing_lines": 0, "excluded_lines": 0, "percent_statements_covered": 100.0, "percent_statements_covered_display": "100"}, "missing_lines": [], "excluded_lines": [], "start_line": 66}, "ErrorResponse": {"executed_lines": [], "summary": {"covered_lines": 0, "num_statements": 0, "percent_covered": 100.0, "percent_covered_display": "100", "missing_lines": 0, "excluded_lines": 0, "percent_statements_covered": 100.0, "percent_statements_covered_display": "100"}, "missing_lines": [], "excluded_lines": [], "start_line": 73}, "AppError": {"executed_lines": [100, 101, 102, 103, 104], "summary": {"covered_lines": 5, "num_statements": 5, "percent_covered": 100.0, "percent_covered_display": "100", "missing_lines": 0, "excluded_lines": 0, "percent_statements_covered": 100.0, "percent_statements_covered_display": "100"}, "missing_lines": [], "excluded_lines": [], "start_line": 85}, "NotFoundError": {"executed_lines": [116, 117, 118, 119, 120, 121], "summary": {"covered_lines": 6, "num_statements": 6, "percent_covered": 100.0, "percent_covered_display": "100", "missing_lines": 0, "excluded_lines": 0, "percent_statements_covered": 100.0, "percent_statements_covered_display": "100"}, "missing_lines": [], "excluded_lines": [], "start_line": 107}, "ValidationError": {"executed_lines": [137], "summary": {"covered_lines": 1, "num_statements": 1, "percent_covered": 100.0, "percent_covered_display": "100", "missing_lines": 0, "excluded_lines": 0, "percent_statements_covered": 100.0, "percent_statements_covered_display": "100"}, "missing_lines": [], "excluded_lines": [], "start_line": 129}, "FileUploadError": {"executed_lines": [154], "summary": {"covered_lines": 1, "num_statements": 1, "percent_covered": 100.0, "percent_covered_display": "100", "missing_lines": 0, "excluded_lines": 0, "percent_statements_covered": 100.0, "percent_statements_covered_display": "100"}, "missing_lines": [], "excluded_lines": [], "start_line": 145}, "StorageError": {"executed_lines": [166], "summary": {"covered_lines": 1, "num_statements": 1, "percent_covered": 100.0, "percent_covered_display": "100", "missing_lines": 0, "excluded_lines": 0, "percent_statements_covered": 100.0, "percent_statements_covered_display": "100"}, "missing_lines": [], "excluded_lines": [], "start_line": 162}, "ParsingError": {"executed_lines": [182], "summary": {"covered_lines": 1, "num_statements": 1, "percent_covered": 100.0, "percent_covered_display": "100", "missing_lines": 0, "excluded_lines": 0, "percent_statements_covered": 100.0, "percent_statements_covered_display": "100"}, "missing_lines": [], "excluded_lines": [], "start_line": 173}, "DatabaseError": {"executed_lines": [194], "summary": {"covered_lines": 1, "num_statements": 1, "percent_covered": 100.0, "percent_covered_display": "100", "missing_lines": 0, "excluded_lines": 0, "percent_statements_covered": 100.0, "percent_statements_covered_display": "100"}, "missing_lines": [], "excluded_lines": [], "start_line": 190}, "RateLimitError": {"executed_lines": [209, 210, 211, 212], "summary": {"covered_lines": 4, "num_statements": 4, "percent_covered": 100.0, "percent_covered_display": "100", "missing_lines": 0, "excluded_lines": 0, "percent_statements_covered": 100.0, "percent_statements_covered_display": "100"}, "missing_lines": [], "excluded_lines": [], "start_line": 201}, "AuthenticationError": {"executed_lines": [228], "summary": {"covered_lines": 1, "num_statements": 1, "percent_covered": 100.0, "percent_covered_display": "100", "missing_lines": 0, "excluded_lines": 0, "percent_statements_covered": 100.0, "percent_statements_covered_display": "100"}, "missing_lines": [], "excluded_lines": [], "start_line": 220}, "AuthorizationError": {"executed_lines": [239], "summary": {"covered_lines": 1, "num_statements": 1, "percent_covered": 100.0, "percent_covered_display": "100", "missing_lines": 0, "excluded_lines": 0, "percent_statements_covered": 100.0, "percent_statements_covered_display": "100"}, "missing_lines": [], "excluded_lines": [], "start_line": 235}, "": {"executed_lines": [21, 22, 24, 31, 33, 34, 35, 36, 39, 40, 41, 44, 45, 46, 47, 48, 51, 52, 55, 56, 59, 60, 66, 68, 69, 70, 73, 75, 76, 85, 93, 107, 110, 129, 132, 145, 148, 162, 165, 173, 176, 190, 193, 201, 204, 220, 223, 235, 238], "summary": {"covered_lines": 49, "num_statements": 49, "percent_covered": 100.0, "percent_covered_display": "100", "missing_lines": 0, "excluded_lines": 0, "percent_statements_covered": 100.0, "percent_statements_covered_display": "100"}, "missing_lines": [], "excluded_lines": [], "start_line": 1}}}, "app/core/logging_config.py": {"executed_lines": [8, 9, 11, 13, 16], "summary": {"covered_lines": 5, "num_statements": 22, "percent_covered": 22.727272727272727, "percent_covered_display": "23", "missing_lines": 17, "excluded_lines": 0, "percent_statements_covered": 22.727272727272727, "percent_statements_covered_display": "23"}, "missing_lines": [18, 19, 20, 23, 32, 34, 37, 39, 50, 57, 58, 60, 61, 62, 63, 66, 67], "excluded_lines": [], "functions": {"configure_logging": {"executed_lines": [], "summary": {"covered_lines": 0, "num_statements": 17, "percent_covered": 0.0, "percent_covered_display": "0", "missing_lines": 17, "excluded_lines": 0, "percent_statements_covered": 0.0, "percent_statements_covered_display": "0"}, "missing_lines": [18, 19, 20, 23, 32, 34, 37, 39, 50, 57, 58, 60, 61, 62, 63, 66, 67], "excluded_lines": [], "start_line": 16}, "": {"executed_lines": [8, 9, 11, 13, 16], "summary": {"covered_lines": 5, "num_statements": 5, "percent_covered": 100.0, "percent_covered_display": "100", "missing_lines": 0, "excluded_lines": 0, "percent_statements_covered": 100.0, "percent_statements_covered_display": "100"}, "missing_lines": [], "excluded_lines": [], "start_line": 1}}, "classes": {"": {"executed_lines": [8, 9, 11, 13, 16], "summary": {"covered_lines": 5, "num_statements": 22, "percent_covered": 22.727272727272727, "percent_covered_display": "23", "missing_lines": 17, "excluded_lines": 0, "percent_statements_covered": 22.727272727272727, "percent_statements_covered_display": "23"}, "missing_lines": [18, 19, 20, 23, 32, 34, 37, 39, 50, 57, 58, 60, 61, 62, 63, 66, 67], "excluded_lines": [], "start_line": 1}}}, "app/core/middleware.py": {"executed_lines": [20, 21, 22, 23, 25, 26, 28, 31, 47, 50, 51, 53, 54, 55, 57, 61, 70, 73, 90, 93, 95, 96, 97, 98, 99, 100, 104, 107, 131, 133, 134, 135, 136, 137, 138, 140, 142, 143, 144, 145, 152, 153, 154, 155, 156, 158, 168, 169, 170, 171, 172, 176, 177, 178, 179, 180, 181, 184, 185, 186, 188, 189, 191, 193, 199, 228, 232, 233, 235, 238, 239, 273, 275, 277, 288], "summary": {"covered_lines": 75, "num_statements": 106, "percent_covered": 70.75471698113208, "percent_covered_display": "71", "missing_lines": 31, "excluded_lines": 0, "percent_statements_covered": 70.75471698113208, "percent_statements_covered_display": "71"}, "missing_lines": [207, 208, 209, 210, 211, 213, 214, 217, 218, 219, 221, 222, 224, 225, 226, 241, 244, 245, 249, 250, 253, 254, 255, 259, 260, 263, 266, 267, 268, 269, 271], "excluded_lines": [], "functions": {"RequestIdMiddleware.dispatch": {"executed_lines": [50, 51, 53, 54, 55, 57, 61, 70], "summary": {"covered_lines": 8, "num_statements": 8, "percent_covered": 100.0, "percent_covered_display": "100", "missing_lines": 0, "excluded_lines": 0, "percent_statements_covered": 100.0, "percent_statements_covered_display": "100"}, "missing_lines": [], "excluded_lines": [], "start_line": 47}, "SecurityHeadersMiddleware.dispatch": {"executed_lines": [93, 95, 96, 97, 98, 99, 100, 104], "summary": {"covered_lines": 8, "num_statements": 8, "percent_covered": 100.0, "percent_covered_display": "100", "missing_lines": 0, "excluded_lines": 0, "percent_statements_covered": 100.0, "percent_statements_covered_display": "100"}, "missing_lines": [], "excluded_lines": [], "start_line": 90}, "RateLimitMiddleware.__init__": {"executed_lines": [134, 135, 136, 137, 138], "summary": {"covered_lines": 5, "num_statements": 5, "percent_covered": 100.0, "percent_covered_display": "100", "missing_lines": 0, "excluded_lines": 0, "percent_statements_covered": 100.0, "percent_statements_covered_display": "100"}, "missing_lines": [], "excluded_lines": [], "start_line": 133}, "RateLimitMiddleware._get_redis": {"executed_lines": [142, 143, 144, 145, 152, 153, 154, 155, 156], "summary": {"covered_lines": 9, "num_statements": 9, "percent_covered": 100.0, "percent_covered_display": "100", "missing_lines": 0, "excluded_lines": 0, "percent_statements_covered": 100.0, "percent_statements_covered_display": "100"}, "missing_lines": [], "excluded_lines": [], "start_line": 140}, "RateLimitMiddleware._get_client_id": {"executed_lines": [168, 169, 170, 171, 172, 176, 177, 178, 179, 180, 181, 184, 185, 186, 188, 189], "summary": {"covered_lines": 16, "num_statements": 16, "percent_covered": 100.0, "percent_covered_display": "100", "missing_lines": 0, "excluded_lines": 0, "percent_statements_covered": 100.0, "percent_statements_covered_display": "100"}, "missing_lines": [], "excluded_lines": [], "start_line": 158}, "RateLimitMiddleware._is_analysis_endpoint": {"executed_lines": [193], "summary": {"covered_lines": 1, "num_statements": 1, "percent_covered": 100.0, "percent_covered_display": "100", "missing_lines": 0, "excluded_lines": 0, "percent_statements_covered": 100.0, "percent_statements_covered_display": "100"}, "missing_lines": [], "excluded_lines": [], "start_line": 191}, "RateLimitMiddleware._check_rate_limit": {"executed_lines": [], "summary": {"covered_lines": 0, "num_statements": 15, "percent_covered": 0.0, "percent_covered_display": "0", "missing_lines": 15, "excluded_lines": 0, "percent_statements_covered": 0.0, "percent_statements_covered_display": "0"}, "missing_lines": [207, 208, 209, 210, 211, 213, 214, 217, 218, 219, 221, 222, 224, 225, 226], "excluded_lines": [], "start_line": 199}, "RateLimitMiddleware.dispatch": {"executed_lines": [232, 233, 235, 238, 239], "summary": {"covered_lines": 5, "num_statements": 21, "percent_covered": 23.80952380952381, "percent_covered_display": "24", "missing_lines": 16, "excluded_lines": 0, "percent_statements_covered": 23.80952380952381, "percent_statements_covered_display": "24"}, "missing_lines": [241, 244, 245, 249, 250, 253, 254, 255, 259, 260, 263, 266, 267, 268, 269, 271], "excluded_lines": [], "start_line": 228}, "RateLimitMiddleware._rate_limit_response": {"executed_lines": [275, 277, 288], "summary": {"covered_lines": 3, "num_statements": 3, "percent_covered": 100.0, "percent_covered_display": "100", "missing_lines": 0, "excluded_lines": 0, "percent_statements_covered": 100.0, "percent_statements_covered_display": "100"}, "missing_lines": [], "excluded_lines": [], "start_line": 273}, "": {"executed_lines": [20, 21, 22, 23, 25, 26, 28, 31, 47, 73, 90, 107, 131, 133, 140, 158, 191, 199, 228, 273], "summary": {"covered_lines": 20, "num_statements": 20, "percent_covered": 100.0, "percent_covered_display": "100", "missing_lines": 0, "excluded_lines": 0, "percent_statements_covered": 100.0, "percent_statements_covered_display": "100"}, "missing_lines": [], "excluded_lines": [], "start_line": 1}}, "classes": {"RequestIdMiddleware": {"executed_lines": [50, 51, 53, 54, 55, 57, 61, 70], "summary": {"covered_lines": 8, "num_statements": 8, "percent_covered": 100.0, "percent_covered_display": "100", "missing_lines": 0, "excluded_lines": 0, "percent_statements_covered": 100.0, "percent_statements_covered_display": "100"}, "missing_lines": [], "excluded_lines": [], "start_line": 31}, "SecurityHeadersMiddleware": {"executed_lines": [93, 95, 96, 97, 98, 99, 100, 104], "summary": {"covered_lines": 8, "num_statements": 8, "percent_covered": 100.0, "percent_covered_display": "100", "missing_lines": 0, "excluded_lines": 0, "percent_statements_covered": 100.0, "percent_statements_covered_display": "100"}, "missing_lines": [], "excluded_lines": [], "start_line": 73}, "RateLimitMiddleware": {"executed_lines": [134, 135, 136, 137, 138, 142, 143, 144, 145, 152, 153, 154, 155, 156, 168, 169, 170, 171, 172, 176, 177, 178, 179, 180, 181, 184, 185, 186, 188, 189, 193, 232, 233, 235, 238, 239, 275, 277, 288], "summary": {"covered_lines": 39, "num_statements": 70, "percent_covered": 55.714285714285715, "percent_covered_display": "56", "missing_lines": 31, "excluded_lines": 0, "percent_statements_covered": 55.714285714285715, "percent_statements_covered_display": "56"}, "missing_lines": [207, 208, 209, 210, 211, 213, 214, 217, 218, 219, 221, 222, 224, 225, 226, 241, 244, 245, 249, 250, 253, 254, 255, 259, 260, 263, 266, 267, 268, 269, 271], "excluded_lines": [], "start_line": 107}, "": {"executed_lines": [20, 21, 22, 23, 25, 26, 28, 31, 47, 73, 90, 107, 131, 133, 140, 158, 191, 199, 228, 273], "summary": {"covered_lines": 20, "num_statements": 20, "percent_covered": 100.0, "percent_covered_display": "100", "missing_lines": 0, "excluded_lines": 0, "percent_statements_covered": 100.0, "percent_statements_covered_display": "100"}, "missing_lines": [], "excluded_lines": [], "start_line": 1}}}, "app/core/security.py": {"executed_lines": [21, 22, 23, 25, 26, 28, 29, 31, 37, 40, 54, 57, 68, 69, 70, 72, 77, 88, 89, 90, 92, 100, 103, 110, 111, 112, 114, 121, 124, 140, 142, 143, 148, 149, 150, 154, 155, 156, 162, 164, 165], "summary": {"covered_lines": 41, "num_statements": 41, "percent_covered": 100.0, "percent_covered_display": "100", "missing_lines": 0, "excluded_lines": 0, "percent_statements_covered": 100.0, "percent_statements_covered_display": "100"}, "missing_lines": [], "excluded_lines": [], "functions": {"hash_password": {"executed_lines": [54], "summary": {"covered_lines": 1, "num_statements": 1, "percent_covered": 100.0, "percent_covered_display": "100", "missing_lines": 0, "excluded_lines": 0, "percent_statements_covered": 100.0, "percent_statements_covered_display": "100"}, "missing_lines": [], "excluded_lines": [], "start_line": 40}, "verify_password": {"executed_lines": [68, 69, 70, 72], "summary": {"covered_lines": 4, "num_statements": 4, "percent_covered": 100.0, "percent_covered_display": "100", "missing_lines": 0, "excluded_lines": 0, "percent_statements_covered": 100.0, "percent_statements_covered_display": "100"}, "missing_lines": [], "excluded_lines": [], "start_line": 57}, "create_access_token": {"executed_lines": [88, 89, 90, 92, 100], "summary": {"covered_lines": 5, "num_statements": 5, "percent_covered": 100.0, "percent_covered_display": "100", "missing_lines": 0, "excluded_lines": 0, "percent_statements_covered": 100.0, "percent_statements_covered_display": "100"}, "missing_lines": [], "excluded_lines": [], "start_line": 77}, "create_refresh_token": {"executed_lines": [110, 111, 112, 114, 121], "summary": {"covered_lines": 5, "num_statements": 5, "percent_covered": 100.0, "percent_covered_display": "100", "missing_lines": 0, "excluded_lines": 0, "percent_statements_covered": 100.0, "percent_statements_covered_display": "100"}, "missing_lines": [], "excluded_lines": [], "start_line": 103}, "decode_token": {"executed_lines": [140, 142, 143, 148, 149, 150, 154, 155, 156], "summary": {"covered_lines": 9, "num_statements": 9, "percent_covered": 100.0, "percent_covered_display": "100", "missing_lines": 0, "excluded_lines": 0, "percent_statements_covered": 100.0, "percent_statements_covered_display": "100"}, "missing_lines": [], "excluded_lines": [], "start_line": 124}, "get_token_expiry_seconds": {"executed_lines": [164, 165], "summary": {"covered_lines": 2, "num_statements": 2, "percent_covered": 100.0, "percent_covered_display": "100", "missing_lines": 0, "excluded_lines": 0, "percent_statements_covered": 100.0, "percent_statements_covered_display": "100"}, "missing_lines": [], "excluded_lines": [], "start_line": 162}, "": {"executed_lines": [21, 22, 23, 25, 26, 28, 29, 31, 37, 40, 57, 77, 103, 124, 162], "summary": {"covered_lines": 15, "num_statements": 15, "percent_covered": 100.0, "percent_covered_display": "100", "missing_lines": 0, "excluded_lines": 0, "percent_statements_covered": 100.0, "percent_statements_covered_display": "100"}, "missing_lines": [], "excluded_lines": [], "start_line": 1}}, "classes": {"": {"executed_lines": [21, 22, 23, 25, 26, 28, 29, 31, 37, 40, 54, 57, 68, 69, 70, 72, 77, 88, 89, 90, 92, 100, 103, 110, 111, 112, 114, 121, 124, 140, 142, 143, 148, 149, 150, 154, 155, 156, 162, 164, 165], "summary": {"covered_lines": 41, "num_statements": 41, "percent_covered": 100.0, "percent_covered_display": "100", "missing_lines": 0, "excluded_lines": 0, "percent_statements_covered": 100.0, "percent_statements_covered_display": "100"}, "missing_lines": [], "excluded_lines": [], "start_line": 1}}}, "app/db/__init__.py": {"executed_lines": [], "summary": {"covered_lines": 0, "num_statements": 0, "percent_covered": 100.0, "percent_covered_display": "100", "missing_lines": 0, "excluded_lines": 0, "percent_statements_covered": 100.0, "percent_statements_covered_display": "100"}, "missing_lines": [], "excluded_lines": [], "functions": {"": {"executed_lines": [], "summary": {"covered_lines": 0, "num_statements": 0, "percent_covered": 100.0, "percent_covered_display": "100", "missing_lines": 0, "excluded_lines": 0, "percent_statements_covered": 100.0, "percent_statements_covered_display": "100"}, "missing_lines": [], "excluded_lines": [], "start_line": 1}}, "classes": {"": {"executed_lines": [], "summary": {"covered_lines": 0, "num_statements": 0, "percent_covered": 100.0, "percent_covered_display": "100", "missing_lines": 0, "excluded_lines": 0, "percent_statements_covered": 100.0, "percent_statements_covered_display": "100"}, "missing_lines": [], "excluded_lines": [], "start_line": 1}}}, "app/db/base.py": {"executed_lines": [8, 9, 11, 12, 13, 16, 18, 21, 24, 29, 37, 40], "summary": {"covered_lines": 12, "num_statements": 12, "percent_covered": 100.0, "percent_covered_display": "100", "missing_lines": 0, "excluded_lines": 0, "percent_statements_covered": 100.0, "percent_statements_covered_display": "100"}, "missing_lines": [], "excluded_lines": [], "functions": {"": {"executed_lines": [8, 9, 11, 12, 13, 16, 18, 21, 24, 29, 37, 40], "summary": {"covered_lines": 12, "num_statements": 12, "percent_covered": 100.0, "percent_covered_display": "100", "missing_lines": 0, "excluded_lines": 0, "percent_statements_covered": 100.0, "percent_statements_covered_display": "100"}, "missing_lines": [], "excluded_lines": [], "start_line": 1}}, "classes": {"Base": {"executed_lines": [], "summary": {"covered_lines": 0, "num_statements": 0, "percent_covered": 100.0, "percent_covered_display": "100", "missing_lines": 0, "excluded_lines": 0, "percent_statements_covered": 100.0, "percent_statements_covered_display": "100"}, "missing_lines": [], "excluded_lines": [], "start_line": 16}, "TimestampMixin": {"executed_lines": [], "summary": {"covered_lines": 0, "num_statements": 0, "percent_covered": 100.0, "percent_covered_display": "100", "missing_lines": 0, "excluded_lines": 0, "percent_statements_covered": 100.0, "percent_statements_covered_display": "100"}, "missing_lines": [], "excluded_lines": [], "start_line": 21}, "UUIDMixin": {"executed_lines": [], "summary": {"covered_lines": 0, "num_statements": 0, "percent_covered": 100.0, "percent_covered_display": "100", "missing_lines": 0, "excluded_lines": 0, "percent_statements_covered": 100.0, "percent_statements_covered_display": "100"}, "missing_lines": [], "excluded_lines": [], "start_line": 37}, "": {"executed_lines": [8, 9, 11, 12, 13, 16, 18, 21, 24, 29, 37, 40], "summary": {"covered_lines": 12, "num_statements": 12, "percent_covered": 100.0, "percent_covered_display": "100", "missing_lines": 0, "excluded_lines": 0, "percent_statements_covered": 100.0, "percent_statements_covered_display": "100"}, "missing_lines": [], "excluded_lines": [], "start_line": 1}}}, "app/db/session.py": {"executed_lines": [13, 15, 21, 23, 26, 35, 44, 50, 58, 71], "summary": {"covered_lines": 10, "num_statements": 22, "percent_covered": 45.45454545454545, "percent_covered_display": "45", "missing_lines": 12, "excluded_lines": 0, "percent_statements_covered": 45.45454545454545, "percent_statements_covered_display": "45"}, "missing_lines": [60, 61, 62, 63, 64, 65, 66, 68, 73, 74, 75, 77], "excluded_lines": [], "functions": {"get_db_session": {"executed_lines": [], "summary": {"covered_lines": 0, "num_statements": 8, "percent_covered": 0.0, "percent_covered_display": "0", "missing_lines": 8, "excluded_lines": 0, "percent_statements_covered": 0.0, "percent_statements_covered_display": "0"}, "missing_lines": [60, 61, 62, 63, 64, 65, 66, 68], "excluded_lines": [], "start_line": 58}, "get_read_db_session": {"executed_lines": [], "summary": {"covered_lines": 0, "num_statements": 4, "percent_covered": 0.0, "percent_covered_display": "0", "missing_lines": 4, "excluded_lines": 0, "percent_statements_covered": 0.0, "percent_statements_covered_display": "0"}, "missing_lines": [73, 74, 75, 77], "excluded_lines": [], "start_line": 71}, "": {"executed_lines": [13, 15, 21, 23, 26, 35, 44, 50, 58, 71], "summary": {"covered_lines": 10, "num_statements": 10, "percent_covered": 100.0, "percent_covered_display": "100", "missing_lines": 0, "excluded_lines": 0, "percent_statements_covered": 100.0, "percent_statements_covered_display": "100"}, "missing_lines": [], "excluded_lines": [], "start_line": 1}}, "classes": {"": {"executed_lines": [13, 15, 21, 23, 26, 35, 44, 50, 58, 71], "summary": {"covered_lines": 10, "num_statements": 22, "percent_covered": 45.45454545454545, "percent_covered_display": "45", "missing_lines": 12, "excluded_lines": 0, "percent_statements_covered": 45.45454545454545, "percent_statements_covered_display": "45"}, "missing_lines": [60, 61, 62, 63, 64, 65, 66, 68, 73, 74, 75, 77], "excluded_lines": [], "start_line": 1}}}, "app/main.py": {"executed_lines": [14, 15, 17, 18, 20, 21, 22, 23, 25, 28, 29, 38, 40, 42, 53, 56, 64, 67, 76, 79, 80, 83, 84, 85, 91, 94], "summary": {"covered_lines": 26, "num_statements": 31, "percent_covered": 83.87096774193549, "percent_covered_display": "84", "missing_lines": 5, "excluded_lines": 0, "percent_statements_covered": 83.87096774193549, "percent_statements_covered_display": "84"}, "missing_lines": [31, 32, 33, 34, 35], "excluded_lines": [], "functions": {"lifespan": {"executed_lines": [], "summary": {"covered_lines": 0, "num_statements": 5, "percent_covered": 0.0, "percent_covered_display": "0", "missing_lines": 5, "excluded_lines": 0, "percent_statements_covered": 0.0, "percent_statements_covered_display": "0"}, "missing_lines": [31, 32, 33, 34, 35], "excluded_lines": [], "start_line": 29}, "create_app": {"executed_lines": [40, 42, 53, 56, 64, 67, 76, 79, 80, 83, 84, 91], "summary": {"covered_lines": 12, "num_statements": 12, "percent_covered": 100.0, "percent_covered_display": "100", "missing_lines": 0, "excluded_lines": 0, "percent_statements_covered": 100.0, "percent_statements_covered_display": "100"}, "missing_lines": [], "excluded_lines": [], "start_line": 38}, "create_app.health_check": {"executed_lines": [85], "summary": {"covered_lines": 1, "num_statements": 1, "percent_covered": 100.0, "percent_covered_display": "100", "missing_lines": 0, "excluded_lines": 0, "percent_statements_covered": 100.0, "percent_statements_covered_display": "100"}, "missing_lines": [], "excluded_lines": [], "start_line": 84}, "": {"executed_lines": [14, 15, 17, 18, 20, 21, 22, 23, 25, 28, 29, 38, 94], "summary": {"covered_lines": 13, "num_statements": 13, "percent_covered": 100.0, "percent_covered_display": "100", "missing_lines": 0, "excluded_lines": 0, "percent_statements_covered": 100.0, "percent_statements_covered_display": "100"}, "missing_lines": [], "excluded_lines": [], "start_line": 1}}, "classes": {"": {"executed_lines": [14, 15, 17, 18, 20, 21, 22, 23, 25, 28, 29, 38, 40, 42, 53, 56, 64, 67, 76, 79, 80, 83, 84, 85, 91, 94], "summary": {"covered_lines": 26, "num_statements": 31, "percent_covered": 83.87096774193549, "percent_covered_display": "84", "missing_lines": 5, "excluded_lines": 0, "percent_statements_covered": 83.87096774193549, "percent_statements_covered_display": "84"}, "missing_lines": [31, 32, 33, 34, 35], "excluded_lines": [], "start_line": 1}}}, "app/models/__init__.py": {"executed_lines": [8, 9, 10, 11, 12, 14], "summary": {"covered_lines": 6, "num_statements": 6, "percent_covered": 100.0, "percent_covered_display": "100", "missing_lines": 0, "excluded_lines": 0, "percent_statements_covered": 100.0, "percent_statements_covered_display": "100"}, "missing_lines": [], "excluded_lines": [], "functions": {"": {"executed_lines": [8, 9, 10, 11, 12, 14], "summary": {"covered_lines": 6, "num_statements": 6, "percent_covered": 100.0, "percent_covered_display": "100", "missing_lines": 0, "excluded_lines": 0, "percent_statements_covered": 100.0, "percent_statements_covered_display": "100"}, "missing_lines": [], "excluded_lines": [], "start_line": 1}}, "classes": {"": {"executed_lines": [8, 9, 10, 11, 12, 14], "summary": {"covered_lines": 6, "num_statements": 6, "percent_covered": 100.0, "percent_covered_display": "100", "missing_lines": 0, "excluded_lines": 0, "percent_statements_covered": 100.0, "percent_statements_covered_display": "100"}, "missing_lines": [], "excluded_lines": [], "start_line": 1}}}, "app/models/analysis.py": {"executed_lines": [11, 12, 13, 15, 18, 19, 22, 26, 33, 34, 35, 38, 41, 42, 47, 50, 53, 58, 59, 63, 64, 65, 66, 70, 74, 76, 78, 82, 85, 86, 87, 91], "summary": {"covered_lines": 32, "num_statements": 33, "percent_covered": 96.96969696969697, "percent_covered_display": "97", "missing_lines": 1, "excluded_lines": 0, "percent_statements_covered": 96.96969696969697, "percent_statements_covered_display": "97"}, "missing_lines": [92], "excluded_lines": [], "functions": {"Analysis.__repr__": {"executed_lines": [], "summary": {"covered_lines": 0, "num_statements": 1, "percent_covered": 0.0, "percent_covered_display": "0", "missing_lines": 1, "excluded_lines": 0, "percent_statements_covered": 0.0, "percent_statements_covered_display": "0"}, "missing_lines": [92], "excluded_lines": [], "start_line": 91}, "": {"executed_lines": [11, 12, 13, 15, 18, 19, 22, 26, 33, 34, 35, 38, 41, 42, 47, 50, 53, 58, 59, 63, 64, 65, 66, 70, 74, 76, 78, 82, 85, 86, 87, 91], "summary": {"covered_lines": 32, "num_statements": 32, "percent_covered": 100.0, "percent_covered_display": "100", "missing_lines": 0, "excluded_lines": 0, "percent_statements_covered": 100.0, "percent_statements_covered_display": "100"}, "missing_lines": [], "excluded_lines": [], "start_line": 1}}, "classes": {"Analysis": {"executed_lines": [], "summary": {"covered_lines": 0, "num_statements": 1, "percent_covered": 0.0, "percent_covered_display": "0", "missing_lines": 1, "excluded_lines": 0, "percent_statements_covered": 0.0, "percent_statements_covered_display": "0"}, "missing_lines": [92], "excluded_lines": [], "start_line": 18}, "": {"executed_lines": [11, 12, 13, 15, 18, 19, 22, 26, 33, 34, 35, 38, 41, 42, 47, 50, 53, 58, 59, 63, 64, 65, 66, 70, 74, 76, 78, 82, 85, 86, 87, 91], "summary": {"covered_lines": 32, "num_statements": 32, "percent_covered": 100.0, "percent_covered_display": "100", "missing_lines": 0, "excluded_lines": 0, "percent_statements_covered": 100.0, "percent_statements_covered_display": "100"}, "missing_lines": [], "excluded_lines": [], "start_line": 1}}}, "app/models/resume.py": {"executed_lines": [9, 10, 11, 13, 16, 17, 20, 25, 26, 27, 28, 31, 32, 37, 38, 42], "summary": {"covered_lines": 16, "num_statements": 17, "percent_covered": 94.11764705882354, "percent_covered_display": "94", "missing_lines": 1, "excluded_lines": 0, "percent_statements_covered": 94.11764705882354, "percent_statements_covered_display": "94"}, "missing_lines": [43], "excluded_lines": [], "functions": {"Resume.__repr__": {"executed_lines": [], "summary": {"covered_lines": 0, "num_statements": 1, "percent_covered": 0.0, "percent_covered_display": "0", "missing_lines": 1, "excluded_lines": 0, "percent_statements_covered": 0.0, "percent_statements_covered_display": "0"}, "missing_lines": [43], "excluded_lines": [], "start_line": 42}, "": {"executed_lines": [9, 10, 11, 13, 16, 17, 20, 25, 26, 27, 28, 31, 32, 37, 38, 42], "summary": {"covered_lines": 16, "num_statements": 16, "percent_covered": 100.0, "percent_covered_display": "100", "missing_lines": 0, "excluded_lines": 0, "percent_statements_covered": 100.0, "percent_statements_covered_display": "100"}, "missing_lines": [], "excluded_lines": [], "start_line": 1}}, "classes": {"Resume": {"executed_lines": [], "summary": {"covered_lines": 0, "num_statements": 1, "percent_covered": 0.0, "percent_covered_display": "0", "missing_lines": 1, "excluded_lines": 0, "percent_statements_covered": 0.0, "percent_statements_covered_display": "0"}, "missing_lines": [43], "excluded_lines": [], "start_line": 16}, "": {"executed_lines": [9, 10, 11, 13, 16, 17, 20, 25, 26, 27, 28, 31, 32, 37, 38, 42], "summary": {"covered_lines": 16, "num_statements": 16, "percent_covered": 100.0, "percent_covered_display": "100", "missing_lines": 0, "excluded_lines": 0, "percent_statements_covered": 100.0, "percent_statements_covered_display": "100"}, "missing_lines": [], "excluded_lines": [], "start_line": 1}}}, "app/models/roadmap.py": {"executed_lines": [11, 12, 13, 15, 18, 19, 22, 30, 33, 36, 38], "summary": {"covered_lines": 11, "num_statements": 12, "percent_covered": 91.66666666666667, "percent_covered_display": "92", "missing_lines": 1, "excluded_lines": 0, "percent_statements_covered": 91.66666666666667, "percent_statements_covered_display": "92"}, "missing_lines": [39], "excluded_lines": [], "functions": {"Roadmap.__repr__": {"executed_lines": [], "summary": {"covered_lines": 0, "num_statements": 1, "percent_covered": 0.0, "percent_covered_display": "0", "missing_lines": 1, "excluded_lines": 0, "percent_statements_covered": 0.0, "percent_statements_covered_display": "0"}, "missing_lines": [39], "excluded_lines": [], "start_line": 38}, "": {"executed_lines": [11, 12, 13, 15, 18, 19, 22, 30, 33, 36, 38], "summary": {"covered_lines": 11, "num_statements": 11, "percent_covered": 100.0, "percent_covered_display": "100", "missing_lines": 0, "excluded_lines": 0, "percent_statements_covered": 100.0, "percent_statements_covered_display": "100"}, "missing_lines": [], "excluded_lines": [], "start_line": 1}}, "classes": {"Roadmap": {"executed_lines": [], "summary": {"covered_lines": 0, "num_statements": 1, "percent_covered": 0.0, "percent_covered_display": "0", "missing_lines": 1, "excluded_lines": 0, "percent_statements_covered": 0.0, "percent_statements_covered_display": "0"}, "missing_lines": [39], "excluded_lines": [], "start_line": 18}, "": {"executed_lines": [11, 12, 13, 15, 18, 19, 22, 30, 33, 36, 38], "summary": {"covered_lines": 11, "num_statements": 11, "percent_covered": 100.0, "percent_covered_display": "100", "missing_lines": 0, "excluded_lines": 0, "percent_statements_covered": 100.0, "percent_statements_covered_display": "100"}, "missing_lines": [], "excluded_lines": [], "start_line": 1}}}, "app/models/skill.py": {"executed_lines": [12, 13, 14, 16, 19, 20, 23, 26, 31, 39, 44, 46], "summary": {"covered_lines": 12, "num_statements": 13, "percent_covered": 92.3076923076923, "percent_covered_display": "92", "missing_lines": 1, "excluded_lines": 0, "percent_statements_covered": 92.3076923076923, "percent_statements_covered_display": "92"}, "missing_lines": [47], "excluded_lines": [], "functions": {"Skill.__repr__": {"executed_lines": [], "summary": {"covered_lines": 0, "num_statements": 1, "percent_covered": 0.0, "percent_covered_display": "0", "missing_lines": 1, "excluded_lines": 0, "percent_statements_covered": 0.0, "percent_statements_covered_display": "0"}, "missing_lines": [47], "excluded_lines": [], "start_line": 46}, "": {"executed_lines": [12, 13, 14, 16, 19, 20, 23, 26, 31, 39, 44, 46], "summary": {"covered_lines": 12, "num_statements": 12, "percent_covered": 100.0, "percent_covered_display": "100", "missing_lines": 0, "excluded_lines": 0, "percent_statements_covered": 100.0, "percent_statements_covered_display": "100"}, "missing_lines": [], "excluded_lines": [], "start_line": 1}}, "classes": {"Skill": {"executed_lines": [], "summary": {"covered_lines": 0, "num_statements": 1, "percent_covered": 0.0, "percent_covered_display": "0", "missing_lines": 1, "excluded_lines": 0, "percent_statements_covered": 0.0, "percent_statements_covered_display": "0"}, "missing_lines": [47], "excluded_lines": [], "start_line": 19}, "": {"executed_lines": [12, 13, 14, 16, 19, 20, 23, 26, 31, 39, 44, 46], "summary": {"covered_lines": 12, "num_statements": 12, "percent_covered": 100.0, "percent_covered_display": "100", "missing_lines": 0, "excluded_lines": 0, "percent_statements_covered": 100.0, "percent_statements_covered_display": "100"}, "missing_lines": [], "excluded_lines": [], "start_line": 1}}}, "app/models/user.py": {"executed_lines": [8, 9, 11, 14, 15, 17, 20, 21, 22, 23, 29, 34, 37, 41], "summary": {"covered_lines": 14, "num_statements": 15, "percent_covered": 93.33333333333333, "percent_covered_display": "93", "missing_lines": 1, "excluded_lines": 0, "percent_statements_covered": 93.33333333333333, "percent_statements_covered_display": "93"}, "missing_lines": [42], "excluded_lines": [], "functions": {"User.__repr__": {"executed_lines": [], "summary": {"covered_lines": 0, "num_statements": 1, "percent_covered": 0.0, "percent_covered_display": "0", "missing_lines": 1, "excluded_lines": 0, "percent_statements_covered": 0.0, "percent_statements_covered_display": "0"}, "missing_lines": [42], "excluded_lines": [], "start_line": 41}, "": {"executed_lines": [8, 9, 11, 14, 15, 17, 20, 21, 22, 23, 29, 34, 37, 41], "summary": {"covered_lines": 14, "num_statements": 14, "percent_covered": 100.0, "percent_covered_display": "100", "missing_lines": 0, "excluded_lines": 0, "percent_statements_covered": 100.0, "percent_statements_covered_display": "100"}, "missing_lines": [], "excluded_lines": [], "start_line": 1}}, "classes": {"User": {"executed_lines": [], "summary": {"covered_lines": 0, "num_statements": 1, "percent_covered": 0.0, "percent_covered_display": "0", "missing_lines": 1, "excluded_lines": 0, "percent_statements_covered": 0.0, "percent_statements_covered_display": "0"}, "missing_lines": [42], "excluded_lines": [], "start_line": 14}, "": {"executed_lines": [8, 9, 11, 14, 15, 17, 20, 21, 22, 23, 29, 34, 37, 41], "summary": {"covered_lines": 14, "num_statements": 14, "percent_covered": 100.0, "percent_covered_display": "100", "missing_lines": 0, "excluded_lines": 0, "percent_statements_covered": 100.0, "percent_statements_covered_display": "100"}, "missing_lines": [], "excluded_lines": [], "start_line": 1}}}, "app/repositories/__init__.py": {"executed_lines": [], "summary": {"covered_lines": 0, "num_statements": 0, "percent_covered": 100.0, "percent_covered_display": "100", "missing_lines": 0, "excluded_lines": 0, "percent_statements_covered": 100.0, "percent_statements_covered_display": "100"}, "missing_lines": [], "excluded_lines": [], "functions": {"": {"executed_lines": [], "summary": {"covered_lines": 0, "num_statements": 0, "percent_covered": 100.0, "percent_covered_display": "100", "missing_lines": 0, "excluded_lines": 0, "percent_statements_covered": 100.0, "percent_statements_covered_display": "100"}, "missing_lines": [], "excluded_lines": [], "start_line": 1}}, "classes": {"": {"executed_lines": [], "summary": {"covered_lines": 0, "num_statements": 0, "percent_covered": 100.0, "percent_covered_display": "100", "missing_lines": 0, "excluded_lines": 0, "percent_statements_covered": 100.0, "percent_statements_covered_display": "100"}, "missing_lines": [], "excluded_lines": [], "start_line": 1}}}, "app/repositories/analysis_repo.py": {"executed_lines": [8, 10, 11, 12, 14, 15, 16, 19, 20, 21, 23, 39, 48, 57, 73], "summary": {"covered_lines": 15, "num_statements": 26, "percent_covered": 57.69230769230769, "percent_covered_display": "58", "missing_lines": 11, "excluded_lines": 0, "percent_statements_covered": 57.69230769230769, "percent_statements_covered_display": "58"}, "missing_lines": [30, 37, 41, 46, 50, 55, 59, 67, 68, 75, 87], "excluded_lines": [], "functions": {"AnalysisRepository.__init__": {"executed_lines": [21], "summary": {"covered_lines": 1, "num_statements": 1, "percent_covered": 100.0, "percent_covered_display": "100", "missing_lines": 0, "excluded_lines": 0, "percent_statements_covered": 100.0, "percent_statements_covered_display": "100"}, "missing_lines": [], "excluded_lines": [], "start_line": 20}, "AnalysisRepository.get_by_user": {"executed_lines": [], "summary": {"covered_lines": 0, "num_statements": 2, "percent_covered": 0.0, "percent_covered_display": "0", "missing_lines": 2, "excluded_lines": 0, "percent_statements_covered": 0.0, "percent_statements_covered_display": "0"}, "missing_lines": [30, 37], "excluded_lines": [], "start_line": 23}, "AnalysisRepository.count_by_user": {"executed_lines": [], "summary": {"covered_lines": 0, "num_statements": 2, "percent_covered": 0.0, "percent_covered_display": "0", "missing_lines": 2, "excluded_lines": 0, "percent_statements_covered": 0.0, "percent_statements_covered_display": "0"}, "missing_lines": [41, 46], "excluded_lines": [], "start_line": 39}, "AnalysisRepository.get_with_roadmap": {"executed_lines": [], "summary": {"covered_lines": 0, "num_statements": 2, "percent_covered": 0.0, "percent_covered_display": "0", "missing_lines": 2, "excluded_lines": 0, "percent_statements_covered": 0.0, "percent_statements_covered_display": "0"}, "missing_lines": [50, 55], "excluded_lines": [], "start_line": 48}, "AnalysisRepository.get_average_scores": {"executed_lines": [], "summary": {"covered_lines": 0, "num_statements": 3, "percent_covered": 0.0, "percent_covered_display": "0", "missing_lines": 3, "excluded_lines": 0, "percent_statements_covered": 0.0, "percent_statements_covered_display": "0"}, "missing_lines": [59, 67, 68], "excluded_lines": [], "start_line": 57}, "AnalysisRepository.get_score_trend": {"executed_lines": [], "summary": {"covered_lines": 0, "num_statements": 2, "percent_covered": 0.0, "percent_covered_display": "0", "missing_lines": 2, "excluded_lines": 0, "percent_statements_covered": 0.0, "percent_statements_covered_display": "0"}, "missing_lines": [75, 87], "excluded_lines": [], "start_line": 73}, "": {"executed_lines": [8, 10, 11, 12, 14, 15, 16, 19, 20, 23, 39, 48, 57, 73], "summary": {"covered_lines": 14, "num_statements": 14, "percent_covered": 100.0, "percent_covered_display": "100", "missing_lines": 0, "excluded_lines": 0, "percent_statements_covered": 100.0, "percent_statements_covered_display": "100"}, "missing_lines": [], "excluded_lines": [], "start_line": 1}}, "classes": {"AnalysisRepository": {"executed_lines": [21], "summary": {"covered_lines": 1, "num_statements": 12, "percent_covered": 8.333333333333334, "percent_covered_display": "8", "missing_lines": 11, "excluded_lines": 0, "percent_statements_covered": 8.333333333333334, "percent_statements_covered_display": "8"}, "missing_lines": [30, 37, 41, 46, 50, 55, 59, 67, 68, 75, 87], "excluded_lines": [], "start_line": 19}, "": {"executed_lines": [8, 10, 11, 12, 14, 15, 16, 19, 20, 23, 39, 48, 57, 73], "summary": {"covered_lines": 14, "num_statements": 14, "percent_covered": 100.0, "percent_covered_display": "100", "missing_lines": 0, "excluded_lines": 0, "percent_statements_covered": 100.0, "percent_statements_covered_display": "100"}, "missing_lines": [], "excluded_lines": [], "start_line": 1}}}, "app/repositories/base.py": {"executed_lines": [14, 15, 17, 18, 20, 22, 25, 28, 29, 30, 32, 40, 42, 45, 47, 63, 70, 82], "summary": {"covered_lines": 18, "num_statements": 47, "percent_covered": 38.297872340425535, "percent_covered_display": "38", "missing_lines": 29, "excluded_lines": 0, "percent_statements_covered": 38.297872340425535, "percent_statements_covered_display": "38"}, "missing_lines": [34, 35, 36, 37, 38, 54, 55, 56, 58, 59, 60, 61, 65, 68, 72, 73, 74, 75, 76, 77, 78, 79, 80, 84, 85, 86, 87, 88, 89], "excluded_lines": [], "functions": {"BaseRepository.__init__": {"executed_lines": [29, 30], "summary": {"covered_lines": 2, "num_statements": 2, "percent_covered": 
[...]
nd_match": {"executed_lines": [79, 82, 83, 86, 87, 89], "summary": {"covered_lines": 6, "num_statements": 6, "percent_covered": 100.0, "percent_covered_display": "100", "missing_lines": 0, "excluded_lines": 0, "percent_statements_covered": 100.0, "percent_statements_covered_display": "100"}, "missing_lines": [], "excluded_lines": [], "start_line": 71}, "SkillNormalizer.normalize": {"executed_lines": [107, 108, 110, 111, 112, 113, 115, 116, 117, 119, 121, 122, 124, 125, 126, 128, 129, 130, 131, 134, 135, 136, 137, 139, 149, 150, 158], "summary": {"covered_lines": 27, "num_statements": 27, "percent_covered": 100.0, "percent_covered_display": "100", "missing_lines": 0, "excluded_lines": 0, "percent_statements_covered": 100.0, "percent_statements_covered_display": "100"}, "missing_lines": [], "excluded_lines": [], "start_line": 91}, "build_taxonomy_index": {"executed_lines": [168, 169, 170, 173, 174, 175, 178, 182, 183, 186, 187, 190, 196], "summary": {"covered_lines": 13, "num_statements": 21, "percent_covered": 61.904761904761905, "percent_covered_display": "62", "missing_lines": 8, "excluded_lines": 0, "percent_statements_covered": 61.904761904761905, "percent_statements_covered_display": "62"}, "missing_lines": [171, 172, 176, 177, 179, 180, 184, 188], "excluded_lines": [], "start_line": 161}, "": {"executed_lines": [21, 22, 24, 27, 28, 30, 31, 32, 33, 36, 37, 39, 40, 41, 42, 43, 44, 45, 48, 58, 71, 91, 161], "summary": {"covered_lines": 23, "num_statements": 23, "percent_covered": 100.0, "percent_covered_display": "100", "missing_lines": 0, "excluded_lines": 0, "percent_statements_covered": 100.0, "percent_statements_covered_display": "100"}, "missing_lines": [], "excluded_lines": [], "start_line": 1}}, "classes": {"TaxonomyEntry": {"executed_lines": [], "summary": {"covered_lines": 0, "num_statements": 0, "percent_covered": 100.0, "percent_covered_display": "100", "missing_lines": 0, "excluded_lines": 0, "percent_statements_covered": 100.0, "percent_statements_covered_display": "100"}, "missing_lines": [], "excluded_lines": [], "start_line": 28}, "NormalizedSkill": {"executed_lines": [], "summary": {"covered_lines": 0, "num_statements": 0, "percent_covered": 100.0, "percent_covered_display": "100", "missing_lines": 0, "excluded_lines": 0, "percent_statements_covered": 100.0, "percent_statements_covered_display": "100"}, "missing_lines": [], "excluded_lines": [], "start_line": 37}, "SkillNormalizer": {"executed_lines": [60, 61, 63, 65, 68, 69, 79, 82, 83, 86, 87, 89, 107, 108, 110, 111, 112, 113, 115, 116, 117, 119, 121, 122, 124, 125, 126, 128, 129, 130, 131, 134, 135, 136, 137, 139, 149, 150, 158], "summary": {"covered_lines": 39, "num_statements": 39, "percent_covered": 100.0, "percent_covered_display": "100", "missing_lines": 0, "excluded_lines": 0, "percent_statements_covered": 100.0, "percent_statements_covered_display": "100"}, "missing_lines": [], "excluded_lines": [], "start_line": 48}, "": {"executed_lines": [21, 22, 24, 27, 28, 30, 31, 32, 33, 36, 37, 39, 40, 41, 42, 43, 44, 45, 48, 58, 71, 91, 161, 168, 169, 170, 173, 174, 175, 178, 182, 183, 186, 187, 190, 196], "summary": {"covered_lines": 36, "num_statements": 44, "percent_covered": 81.81818181818181, "percent_covered_display": "82", "missing_lines": 8, "excluded_lines": 0, "percent_statements_covered": 81.81818181818181, "percent_statements_covered_display": "82"}, "missing_lines": [171, 172, 176, 177, 179, 180, 184, 188], "excluded_lines": [], "start_line": 1}}}, "app/services/stale_sweeper.py": {"executed_lines": [11, 12, 14, 15, 17, 19, 21, 24, 34, 36, 50, 51, 53, 54, 60], "summary": {"covered_lines": 15, "num_statements": 15, "percent_covered": 100.0, "percent_covered_display": "100", "missing_lines": 0, "excluded_lines": 0, "percent_statements_covered": 100.0, "percent_statements_covered_display": "100"}, "missing_lines": [], "excluded_lines": [], "functions": {"sweep_stale_analyses": {"executed_lines": [34, 36, 50, 51, 53, 54, 60], "summary": {"covered_lines": 7, "num_statements": 7, "percent_covered": 100.0, "percent_covered_display": "100", "missing_lines": 0, "excluded_lines": 0, "percent_statements_covered": 100.0, "percent_statements_covered_display": "100"}, "missing_lines": [], "excluded_lines": [], "start_line": 24}, "": {"executed_lines": [11, 12, 14, 15, 17, 19, 21, 24], "summary": {"covered_lines": 8, "num_statements": 8, "percent_covered": 100.0, "percent_covered_display": "100", "missing_lines": 0, "excluded_lines": 0, "percent_statements_covered": 100.0, "percent_statements_covered_display": "100"}, "missing_lines": [], "excluded_lines": [], "start_line": 1}}, "classes": {"": {"executed_lines": [11, 12, 14, 15, 17, 19, 21, 24, 34, 36, 50, 51, 53, 54, 60], "summary": {"covered_lines": 15, "num_statements": 15, "percent_covered": 100.0, "percent_covered_display": "100", "missing_lines": 0, "excluded_lines": 0, "percent_statements_covered": 100.0, "percent_statements_covered_display": "100"}, "missing_lines": [], "excluded_lines": [], "start_line": 1}}}, "app/services/suggestion_engine.py": {"executed_lines": [25, 27, 28, 30, 31, 32, 33, 35, 38, 39, 41, 42, 43, 44, 45, 46, 48, 49, 62, 75, 78, 81, 84, 87, 88, 89, 90, 91, 92, 93, 96, 97, 99, 102, 104, 107, 108, 109, 111, 112, 113, 123, 124, 125, 135, 136, 137, 147, 150, 152, 154, 155, 156, 157, 167, 168, 169, 180, 183, 185, 187, 188, 189, 190, 191, 193, 195, 204, 209, 215, 250, 258, 259, 261, 270, 334], "summary": {"covered_lines": 76, "num_statements": 107, "percent_covered": 71.02803738317758, "percent_covered_display": "71", "missing_lines": 31, "excluded_lines": 0, "percent_statements_covered": 71.02803738317758, "percent_statements_covered_display": "71"}, "missing_lines": [287, 288, 290, 298, 305, 306, 308, 309, 310, 311, 312, 321, 322, 324, 325, 328, 362, 369, 370, 371, 379, 382, 383, 384, 385, 386, 387, 388, 391, 392, 394], "excluded_lines": [], "functions": {"Suggestion.to_dict": {"executed_lines": [49], "summary": {"covered_lines": 1, "num_statements": 1, "percent_covered": 100.0, "percent_covered_display": "100", "missing_lines": 0, "excluded_lines": 0, "percent_statements_covered": 100.0, "percent_statements_covered_display": "100"}, "missing_lines": [], "excluded_lines": [], "start_line": 48}, "generate_rule_based_suggestions": {"executed_lines": [75, 78, 81, 84, 87, 88, 89, 90, 91, 92, 93, 96, 97, 99], "summary": {"covered_lines": 14, "num_statements": 14, "percent_covered": 100.0, "percent_covered_display": "100", "missing_lines": 0, "excluded_lines": 0, "percent_statements_covered": 100.0, "percent_statements_covered_display": "100"}, "missing_lines": [], "excluded_lines": [], "start_line": 62}, "_missing_skill_suggestions": {"executed_lines": [104, 107, 108, 109, 111, 112, 113, 123, 124, 125, 135, 136, 137, 147], "summary": {"covered_lines": 14, "num_statements": 14, "percent_covered": 100.0, "percent_covered_display": "100", "missing_lines": 0, "excluded_lines": 0, "percent_statements_covered": 100.0, "percent_statements_covered_display": "100"}, "missing_lines": [], "excluded_lines": [], "start_line": 102}, "_category_gap_suggestions": {"executed_lines": [152, 154, 155, 156, 157, 167, 168, 169, 180], "summary": {"covered_lines": 9, "num_statements": 9, "percent_covered": 100.0, "percent_covered_display": "100", "missing_lines": 0, "excluded_lines": 0, "percent_statements_covered": 100.0, "percent_statements_covered_display": "100"}, "missing_lines": [], "excluded_lines": [], "start_line": 150}, "_ats_issue_suggestions": {"executed_lines": [185, 187, 188, 189, 190, 191, 193, 195, 204], "summary": {"covered_lines": 9, "num_statements": 9, "percent_covered": 100.0, "percent_covered_display": "100", "missing_lines": 0, "excluded_lines": 0, "percent_statements_covered": 100.0, "percent_statements_covered_display": "100"}, "missing_lines": [], "excluded_lines": [], "start_line": 183}, "build_suggestion_prompt": {"executed_lines": [258, 259, 261], "summary": {"covered_lines": 3, "num_statements": 3, "percent_covered": 100.0, "percent_covered_display": "100", "missing_lines": 0, "excluded_lines": 0, "percent_statements_covered": 100.0, "percent_statements_covered_display": "100"}, "missing_lines": [], "excluded_lines": [], "start_line": 250}, "generate_llm_suggestions": {"executed_lines": [], "summary": {"covered_lines": 0, "num_statements": 16, "percent_covered": 0.0, "percent_covered_display": "0", "missing_lines": 16, "excluded_lines": 0, "percent_statements_covered": 0.0, "percent_statements_covered_display": "0"}, "missing_lines": [287, 288, 290, 298, 305, 306, 308, 309, 310, 311, 312, 321, 322, 324, 325, 328], "excluded_lines": [], "start_line": 270}, "generate_suggestions": {"executed_lines": [], "summary": {"covered_lines": 0, "num_statements": 15, "percent_covered": 0.0, "percent_covered_display": "0", "missing_lines": 15, "excluded_lines": 0, "percent_statements_covered": 0.0, "percent_statements_covered_display": "0"}, "missing_lines": [362, 369, 370, 371, 379, 382, 383, 384, 385, 386, 387, 388, 391, 392, 394], "excluded_lines": [], "start_line": 334}, "": {"executed_lines": [25, 27, 28, 30, 31, 32, 33, 35, 38, 39, 41, 42, 43, 44, 45, 46, 48, 62, 102, 150, 183, 209, 215, 250, 270, 334], "summary": {"covered_lines": 26, "num_statements": 26, "percent_covered": 100.0, "percent_covered_display": "100", "missing_lines": 0, "excluded_lines": 0, "percent_statements_covered": 100.0, "percent_statements_covered_display": "100"}, "missing_lines": [], "excluded_lines": [], "start_line": 1}}, "classes": {"Suggestion": {"executed_lines": [49], "summary": {"covered_lines": 1, "num_statements": 1, "percent_covered": 100.0, "percent_covered_display": "100", "missing_lines": 0, "excluded_lines": 0, "percent_statements_covered": 100.0, "percent_statements_covered_display": "100"}, "missing_lines": [], "excluded_lines": [], "start_line": 39}, "": {"executed_lines": [25, 27, 28, 30, 31, 32, 33, 35, 38, 39, 41, 42, 43, 44, 45, 46, 48, 62, 75, 78, 81, 84, 87, 88, 89, 90, 91, 92, 93, 96, 97, 99, 102, 104, 107, 108, 109, 111, 112, 113, 123, 124, 125, 135, 136, 137, 147, 150, 152, 154, 155, 156, 157, 167, 168, 169, 180, 183, 185, 187, 188, 189, 190, 191, 193, 195, 204, 209, 215, 250, 258, 259, 261, 270, 334], "summary": {"covered_lines": 75, "num_statements": 106, "percent_covered": 70.75471698113208, "percent_covered_display": "71", "missing_lines": 31, "excluded_lines": 0, "percent_statements_covered": 70.75471698113208, "percent_statements_covered_display": "71"}, "missing_lines": [287, 288, 290, 298, 305, 306, 308, 309, 310, 311, 312, 321, 322, 324, 325, 328, 362, 369, 370, 371, 379, 382, 383, 384, 385, 386, 387, 388, 391, 392, 394], "excluded_lines": [], "start_line": 1}}}, "app/services/text_sanitizer.py": {"executed_lines": [21, 22, 23, 25, 29, 42, 47, 58, 59, 62, 69, 72, 75, 78, 81, 82, 85, 88, 90, 93, 102, 103, 104, 105], "summary": {"covered_lines": 24, "num_statements": 24, "percent_covered": 100.0, "percent_covered_display": "100", "missing_lines": 0, "excluded_lines": 0, "percent_statements_covered": 100.0, "percent_statements_covered_display": "100"}, "missing_lines": [], "excluded_lines": [], "functions": {"sanitize_text": {"executed_lines": [58, 59, 62, 69, 72, 75, 78, 81, 82, 85, 88, 90], "summary": {"covered_lines": 12, "num_statements": 12, "percent_covered": 100.0, "percent_covered_display": "100", "missing_lines": 0, "excluded_lines": 0, "percent_statements_covered": 100.0, "percent_statements_covered_display": "100"}, "missing_lines": [], "excluded_lines": [], "start_line": 47}, "_check_injection": {"executed_lines": [102, 103, 104, 105], "summary": {"covered_lines": 4, "num_statements": 4, "percent_covered": 100.0, "percent_covered_display": "100", "missing_lines": 0, "excluded_lines": 0, "percent_statements_covered": 100.0, "percent_statements_covered_display": "100"}, "missing_lines": [], "excluded_lines": [], "start_line": 93}, "": {"executed_lines": [21, 22, 23, 25, 29, 42, 47, 93], "summary": {"covered_lines": 8, "num_statements": 8, "percent_covered": 100.0, "percent_covered_display": "100", "missing_lines": 0, "excluded_lines": 0, "percent_statements_covered": 100.0, "percent_statements_covered_display": "100"}, "missing_lines": [], "excluded_lines": [], "start_line": 1}}, "classes": {"": {"executed_lines": [21, 22, 23, 25, 29, 42, 47, 58, 59, 62, 69, 72, 75, 78, 81, 82, 85, 88, 90, 93, 102, 103, 104, 105], "summary": {"covered_lines": 24, "num_statements": 24, "percent_covered": 100.0, "percent_covered_display": "100", "missing_lines": 0, "excluded_lines": 0, "percent_statements_covered": 100.0, "percent_statements_covered_display": "100"}, "missing_lines": [], "excluded_lines": [], "start_line": 1}}}, "app/utils/__init__.py": {"executed_lines": [], "summary": {"covered_lines": 0, "num_statements": 0, "percent_covered": 100.0, "percent_covered_display": "100", "missing_lines": 0, "excluded_lines": 0, "percent_statements_covered": 100.0, "percent_statements_covered_display": "100"}, "missing_lines": [], "excluded_lines": [], "functions": {"": {"executed_lines": [], "summary": {"covered_lines": 0, "num_statements": 0, "percent_covered": 100.0, "percent_covered_display": "100", "missing_lines": 0, "excluded_lines": 0, "percent_statements_covered": 100.0, "percent_statements_covered_display": "100"}, "missing_lines": [], "excluded_lines": [], "start_line": 1}}, "classes": {"": {"executed_lines": [], "summary": {"covered_lines": 0, "num_statements": 0, "percent_covered": 100.0, "percent_covered_display": "100", "missing_lines": 0, "excluded_lines": 0, "percent_statements_covered": 100.0, "percent_statements_covered_display": "100"}, "missing_lines": [], "excluded_lines": [], "start_line": 1}}}, "app/workers/__init__.py": {"executed_lines": [], "summary": {"covered_lines": 0, "num_statements": 0, "percent_covered": 100.0, "percent_covered_display": "100", "missing_lines": 0, "excluded_lines": 0, "percent_statements_covered": 100.0, "percent_statements_covered_display": "100"}, "missing_lines": [], "excluded_lines": [], "functions": {"": {"executed_lines": [], "summary": {"covered_lines": 0, "num_statements": 0, "percent_covered": 100.0, "percent_covered_display": "100", "missing_lines": 0, "excluded_lines": 0, "percent_statements_covered": 100.0, "percent_statements_covered_display": "100"}, "missing_lines": [], "excluded_lines": [], "start_line": 1}}, "classes": {"": {"executed_lines": [], "summary": {"covered_lines": 0, "num_statements": 0, "percent_covered": 100.0, "percent_covered_display": "100", "missing_lines": 0, "excluded_lines": 0, "percent_statements_covered": 100.0, "percent_statements_covered_display": "100"}, "missing_lines": [], "excluded_lines": [], "start_line": 1}}}, "app/workers/analysis_task.py": {"executed_lines": [], "summary": {"covered_lines": 0, "num_statements": 24, "percent_covered": 0.0, "percent_covered_display": "0", "missing_lines": 24, "excluded_lines": 0, "percent_statements_covered": 0.0, "percent_statements_covered_display": "0"}, "missing_lines": [20, 21, 23, 25, 28, 34, 44, 45, 46, 47, 48, 55, 58, 60, 62, 63, 65, 66, 67, 71, 73, 81, 82, 83], "excluded_lines": [], "functions": {"run_skill_gap_analysis": {"executed_lines": [], "summary": {"covered_lines": 0, "num_statements": 6, "percent_covered": 0.0, "percent_covered_display": "0", "missing_lines": 6, "excluded_lines": 0, "percent_statements_covered": 0.0, "percent_statements_covered_display": "0"}, "missing_lines": [44, 45, 46, 47, 48, 55], "excluded_lines": [], "start_line": 34}, "_run_analysis": {"executed_lines": [], "summary": {"covered_lines": 0, "num_statements": 11, "percent_covered": 0.0, "percent_covered_display": "0", "missing_lines": 11, "excluded_lines": 0, "percent_statements_covered": 0.0, "percent_statements_covered_display": "0"}, "missing_lines": [60, 62, 63, 65, 66, 67, 71, 73, 81, 82, 83], "excluded_lines": [], "start_line": 58}, "": {"executed_lines": [], "summary": {"covered_lines": 0, "num_statements": 7, "percent_covered": 0.0, "percent_covered_display": "0", "missing_lines": 7, "excluded_lines": 0, "percent_statements_covered": 0.0, "percent_statements_covered_display": "0"}, "missing_lines": [20, 21, 23, 25, 28, 34, 58], "excluded_lines": [], "start_line": 1}}, "classes": {"": {"executed_lines": [], "summary": {"covered_lines": 0, "num_statements": 24, "percent_covered": 0.0, "percent_covered_display": "0", "missing_lines": 24, "excluded_lines": 0, "percent_statements_covered": 0.0, "percent_statements_covered_display": "0"}, "missing_lines": [20, 21, 23, 25, 28, 34, 44, 45, 46, 47, 48, 55, 58, 60, 62, 63, 65, 66, 67, 71, 73, 81, 82, 83], "excluded_lines": [], "start_line": 1}}}, "app/workers/celery_app.py": {"executed_lines": [], "summary": {"covered_lines": 0, "num_statements": 6, "percent_covered": 0.0, "percent_covered_display": "0", "missing_lines": 6, "excluded_lines": 0, "percent_statements_covered": 0.0, "percent_statements_covered_display": "0"}, "missing_lines": [10, 12, 14, 16, 22, 34], "excluded_lines": [], "functions": {"": {"executed_lines": [], "summary": {"covered_lines": 0, "num_statements": 6, "percent_covered": 0.0, "percent_covered_display": "0", "missing_lines": 6, "excluded_lines": 0, "percent_statements_covered": 0.0, "percent_statements_covered_display": "0"}, "missing_lines": [10, 12, 14, 16, 22, 34], "excluded_lines": [], "start_line": 1}}, "classes": {"": {"executed_lines": [], "summary": {"covered_lines": 0, "num_statements": 6, "percent_covered": 0.0, "percent_covered_display": "0", "missing_lines": 6, "excluded_lines": 0, "percent_statements_covered": 0.0, "percent_statements_covered_display": "0"}, "missing_lines": [10, 12, 14, 16, 22, 34], "excluded_lines": [], "start_line": 1}}}, "app/workers/parse_task.py": {"executed_lines": [], "summary": {"covered_lines": 0, "num_statements": 31, "percent_covered": 0.0, "percent_covered_display": "0", "missing_lines": 31, "excluded_lines": 0, "percent_statements_covered": 0.0, "percent_statements_covered_display": "0"}, "missing_lines": [15, 16, 18, 20, 23, 29, 37, 38, 39, 40, 41, 42, 45, 47, 49, 50, 51, 53, 54, 55, 57, 58, 60, 61, 64, 67, 75, 77, 82, 83, 84], "excluded_lines": [], "functions": {"reparse_resume": {"executed_lines": [], "summary": {"covered_lines": 0, "num_statements": 6, "percent_covered": 0.0, "percent_covered_display": "0", "missing_lines": 6, "excluded_lines": 0, "percent_statements_covered": 0.0, "percent_statements_covered_display": "0"}, "missing_lines": [37, 38, 39, 40, 41, 42], "excluded_lines": [], "start_line": 29}, "_reparse": {"executed_lines": [], "summary": {"covered_lines": 0, "num_statements": 18, "percent_covered": 0.0, "percent_covered_display": "0", "missing_lines": 18, "excluded_lines": 0, "percent_statements_covered": 0.0, "percent_statements_covered_display": "0"}, "missing_lines": [47, 49, 50, 51, 53, 54, 55, 57, 58, 60, 61, 64, 67, 75, 77, 82, 83, 84], "excluded_lines": [], "start_line": 45}, "": {"executed_lines": [], "summary": {"covered_lines": 0, "num_statements": 7, "percent_covered": 0.0, "percent_covered_display": "0", "missing_lines": 7, "excluded_lines": 0, "percent_statements_covered": 0.0, "percent_statements_covered_display": "0"}, "missing_lines": [15, 16, 18, 20, 23, 29, 45], "excluded_lines": [], "start_line": 1}}, "classes": {"": {"executed_lines": [], "summary": {"covered_lines": 0, "num_statements": 31, "percent_covered": 0.0, "percent_covered_display": "0", "missing_lines": 31, "excluded_lines": 0, "percent_statements_covered": 0.0, "percent_statements_covered_display": "0"}, "missing_lines": [15, 16, 18, 20, 23, 29, 37, 38, 39, 40, 41, 42, 45, 47, 49, 50, 51, 53, 54, 55, 57, 58, 60, 61, 64, 67, 75, 77, 82, 83, 84], "excluded_lines": [], "start_line": 1}}}}, "totals": {"covered_lines": 2115, "num_statements": 2702, "percent_covered": 78.27535159141377, "percent_covered_display": "78", "missing_lines": 587, "excluded_lines": 1, "percent_statements_covered": 78.27535159141377, "percent_statements_covered_display": "78"}}